[0.135s] Invoking command in '/sim_ws/src/lidar_processing/build/lidar_processing': CMAKE_PREFIX_PATH=${CMAKE_PREFIX_PATH}:/sim_ws/install/py_wallfollow:/sim_ws/install/gt_follow_gap:/sim_ws/install/f1tenth_gym_ros:/sim_ws/install/drift_detector:/sim_ws/src/f1tenth_gym_ros/install/f1tenth_gym_ros:/opt/ros/foxy /usr/bin/cmake /sim_ws/src/lidar_processing -DCMAKE_INSTALL_PREFIX=/sim_ws/src/lidar_processing/install/lidar_processing
[0.309s] -- The C compiler identification is GNU 9.4.0
[0.514s] -- The CXX compiler identification is GNU 9.4.0
[0.563s] -- Check for working C compiler: /usr/bin/cc
[0.691s] -- Check for working C compiler: /usr/bin/cc -- works
[0.693s] -- Detecting C compiler ABI info
[0.833s] -- Detecting C compiler ABI info - done
[0.856s] -- Detecting C compile features
[0.857s] -- Detecting C compile features - done
[0.864s] -- Check for working CXX compiler: /usr/bin/c++
[1.002s] -- Check for working CXX compiler: /usr/bin/c++ -- works
[1.005s] -- Detecting CXX compiler ABI info
[1.149s] -- Detecting CXX compiler ABI info - done
[1.171s] -- Detecting CXX compile features
[1.172s] -- Detecting CXX compile features - done
[1.250s] -- Found ament_cmake: 0.9.12 (/opt/ros/foxy/share/ament_cmake/cmake)
[1.643s] -- Found PythonInterp: /usr/bin/python3 (found suitable version "3.8.10", minimum required is "3") 
[1.643s] -- Using PYTHON_EXECUTABLE: /usr/bin/python3
[3.723s] -- Found rclcpp: 2.4.3 (/opt/ros/foxy/share/rclcpp/cmake)
[4.638s] -- Using all available rosidl_typesupport_c: rosidl_typesupport_fastrtps_c;rosidl_typesupport_introspection_c
[4.938s] -- Found rosidl_adapter: 1.3.1 (/opt/ros/foxy/share/rosidl_adapter/cmake)
[5.733s] -- Found OpenSSL: /usr/lib/x86_64-linux-gnu/libcrypto.so (found version "1.1.1f")  
[5.941s] -- Found FastRTPS: /opt/ros/foxy/include  
[6.660s] -- Using all available rosidl_typesupport_cpp: rosidl_typesupport_fastrtps_cpp;rosidl_typesupport_introspection_cpp
[7.324s] -- Found rmw_implementation_cmake: 1.0.4 (/opt/ros/foxy/share/rmw_implementation_cmake/cmake)
[7.330s] -- Using RMW implementation 'rmw_fastrtps_cpp' as default
[7.334s] -- Looking for pthread.h
[7.471s] -- Looking for pthread.h - found
[7.472s] -- Performing Test CMAKE_HAVE_LIBC_PTHREAD
[7.606s] -- Performing Test CMAKE_HAVE_LIBC_PTHREAD - Failed
[7.606s] -- Looking for pthread_create in pthreads
[7.725s] -- Looking for pthread_create in pthreads - not found
[7.726s] -- Looking for pthread_create in pthread
[7.866s] -- Looking for pthread_create in pthread - found
[7.867s] -- Found Threads: TRUE  
[9.065s] -- Found rclpy: 1.0.13 (/opt/ros/foxy/share/rclpy/cmake)
[9.164s] -- Found laser_geometry: 2.2.0 (/opt/ros/foxy/share/laser_geometry/cmake)
[9.435s] -- Found sensor_msgs: 2.0.5 (/opt/ros/foxy/share/sensor_msgs/cmake)
[9.802s] -- Found tf2: 0.13.14 (/opt/ros/foxy/share/tf2/cmake)
[9.992s] -- Found tf2_ros: 0.13.14 (/opt/ros/foxy/share/tf2_ros/cmake)
[11.587s] -- Found tf2_sensor_msgs: 0.13.14 (/opt/ros/foxy/share/tf2_sensor_msgs/cmake)
[11.695s] -- Found tf2_geometry_msgs: 0.13.14 (/opt/ros/foxy/share/tf2_geometry_msgs/cmake)
[11.801s] -- Found Eigen3: TRUE (found version "3.3.7") 
[11.936s] -- Found pcl_ros: 2.2.1 (/opt/ros/foxy/share/pcl_ros/cmake)
[12.727s] -- Checking for module 'eigen3'
[12.812s] --   Found eigen3, version 3.3.7
[12.946s] -- Found Eigen: /usr/include/eigen3 (Required is at least version "3.1") 
[12.946s] -- Eigen found (include: /usr/include/eigen3, version: 3.3.7)
[15.561s] -- Checking for module 'flann'
[15.646s] --   Found flann, version 1.9.1
[15.764s] -- Found FLANN: /usr/lib/x86_64-linux-gnu/libflann_cpp.so  
[15.889s] -- The imported target "vtkParseOGLExt" references the file
[15.889s]    "/usr/bin/vtkParseOGLExt-7.1"
[15.890s] but this file does not exist.  Possible reasons include:
[15.890s] * The file was deleted, renamed, or moved to another location.
[15.890s] * An install or uninstall procedure did not complete successfully.
[15.890s] * The installation package was faulty and contained
[15.890s]    "/usr/lib/cmake/vtk-7.1/VTKTargets.cmake"
[15.890s] but not all the files it references.
[15.891s] 
[15.892s] -- The imported target "vtkRenderingPythonTkWidgets" references the file
[15.892s]    "/usr/lib/x86_64-linux-gnu/libvtkRenderingPythonTkWidgets.so"
[15.892s] but this file does not exist.  Possible reasons include:
[15.893s] * The file was deleted, renamed, or moved to another location.
[15.893s] * An install or uninstall procedure did not complete successfully.
[15.893s] * The installation package was faulty and contained
[15.893s]    "/usr/lib/cmake/vtk-7.1/VTKTargets.cmake"
[15.893s] but not all the files it references.
[15.893s] 
[15.894s] -- The imported target "vtk" references the file
[15.895s]    "/usr/bin/vtk"
[15.895s] but this file does not exist.  Possible reasons include:
[15.895s] * The file was deleted, renamed, or moved to another location.
[15.896s] * An install or uninstall procedure did not complete successfully.
[15.896s] * The installation package was faulty and contained
[15.896s]    "/usr/lib/cmake/vtk-7.1/VTKTargets.cmake"
[15.896s] but not all the files it references.
[15.896s] 
[15.896s] -- The imported target "pvtk" references the file
[15.897s]    "/usr/bin/pvtk"
[15.897s] but this file does not exist.  Possible reasons include:
[15.897s] * The file was deleted, renamed, or moved to another location.
[15.897s] * An install or uninstall procedure did not complete successfully.
[15.897s] * The installation package was faulty and contained
[15.898s]    "/usr/lib/cmake/vtk-7.1/VTKTargets.cmake"
[15.898s] but not all the files it references.
[15.898s] 
[15.998s] -- Checking for module 'libusb-1.0'
[16.021s] --   No package 'libusb-1.0' found
[16.065s] -- Could NOT find USB_10 (missing: USB_10_LIBRARY USB_10_INCLUDE_DIR) 
[16.066s] -- OpenNI disabled because libusb-1.0 not found.
[16.080s] -- Checking for module 'libusb-1.0'
[16.097s] --   No package 'libusb-1.0' found
[16.144s] -- Could NOT find USB_10 (missing: USB_10_LIBRARY USB_10_INCLUDE_DIR) 
[16.144s] -- OpenNI 2 disabled because libusb-1.0 not found.
[16.191s] -- LIBUSB_1_LIBRARY (missing: LIBUSB_1_INCLUDE_DIR) 
[16.203s] -- Checking for module 'libusb-1.0'
[16.220s] --   No package 'libusb-1.0' found
[16.269s] -- Could NOT find USB_10 (missing: USB_10_LIBRARY USB_10_INCLUDE_DIR) 
[16.269s] -- OpenNI disabled because libusb-1.0 not found.
[16.280s] -- Checking for module 'libusb-1.0'
[16.300s] --   No package 'libusb-1.0' found
[16.349s] -- Could NOT find USB_10 (missing: USB_10_LIBRARY USB_10_INCLUDE_DIR) 
[16.350s] -- OpenNI 2 disabled because libusb-1.0 not found.
[17.094s] -- Found Qhull: optimized;/usr/lib/x86_64-linux-gnu/libqhull.so;debug;/usr/lib/x86_64-linux-gnu/libqhull.so  
[17.095s] -- QHULL found (include: /usr/include, lib: optimized;/usr/lib/x86_64-linux-gnu/libqhull.so;debug;/usr/lib/x86_64-linux-gnu/libqhull.so)
[17.110s] -- Checking for module 'libusb-1.0'
[17.128s] --   No package 'libusb-1.0' found
[17.165s] -- Could NOT find USB_10 (missing: USB_10_LIBRARY USB_10_INCLUDE_DIR) 
[17.165s] -- OpenNI disabled because libusb-1.0 not found.
[17.192s] -- Found PCL_COMMON: /usr/lib/x86_64-linux-gnu/libpcl_common.so  
[17.196s] -- Found PCL_KDTREE: /usr/lib/x86_64-linux-gnu/libpcl_kdtree.so  
[17.200s] -- Found PCL_OCTREE: /usr/lib/x86_64-linux-gnu/libpcl_octree.so  
[17.202s] -- Found PCL_SEARCH: /usr/lib/x86_64-linux-gnu/libpcl_search.so  
[17.203s] -- Found PCL_SAMPLE_CONSENSUS: /usr/lib/x86_64-linux-gnu/libpcl_sample_consensus.so  
[17.205s] -- Found PCL_FILTERS: /usr/lib/x86_64-linux-gnu/libpcl_filters.so  
[17.206s] -- Found PCL_2D: /usr/include/pcl-1.10  
[17.207s] -- Found PCL_GEOMETRY: /usr/include/pcl-1.10  
[17.210s] -- Found PCL_IO: /usr/lib/x86_64-linux-gnu/libpcl_io.so  
[17.212s] -- Found PCL_FEATURES: /usr/lib/x86_64-linux-gnu/libpcl_features.so  
[17.214s] -- Found PCL_ML: /usr/lib/x86_64-linux-gnu/libpcl_ml.so  
[17.215s] -- Found PCL_SEGMENTATION: /usr/lib/x86_64-linux-gnu/libpcl_segmentation.so  
[17.217s] -- Found PCL_VISUALIZATION: /usr/lib/x86_64-linux-gnu/libpcl_visualization.so  
[17.221s] -- Found PCL_SURFACE: /usr/lib/x86_64-linux-gnu/libpcl_surface.so  
[17.225s] -- Found PCL_REGISTRATION: /usr/lib/x86_64-linux-gnu/libpcl_registration.so  
[17.228s] -- Found PCL_KEYPOINTS: /usr/lib/x86_64-linux-gnu/libpcl_keypoints.so  
[17.233s] -- Found PCL_TRACKING: /usr/lib/x86_64-linux-gnu/libpcl_tracking.so  
[17.236s] -- Found PCL_RECOGNITION: /usr/lib/x86_64-linux-gnu/libpcl_recognition.so  
[17.240s] -- Found PCL_STEREO: /usr/lib/x86_64-linux-gnu/libpcl_stereo.so  
[17.243s] -- Found PCL_APPS: /usr/lib/x86_64-linux-gnu/libpcl_apps.so  
[17.245s] -- Found PCL_IN_HAND_SCANNER: /usr/include/pcl-1.10  
[17.247s] -- Found PCL_POINT_CLOUD_EDITOR: /usr/include/pcl-1.10  
[17.250s] -- Found PCL_OUTOFCORE: /usr/lib/x86_64-linux-gnu/libpcl_outofcore.so  
[17.254s] -- Found PCL_PEOPLE: /usr/lib/x86_64-linux-gnu/libpcl_people.so  
[17.650s] CMake Warning (dev) at CMakeLists.txt:36 (find_package):
[17.651s]   Policy CMP0074 is not set: find_package uses <PackageName>_ROOT variables.
[17.651s]   Run "cmake --help-policy CMP0074" for policy details.  Use the cmake_policy
[17.651s]   command to set the policy and suppress this warning.
[17.651s] 
[17.651s]   CMake variable PCL_ROOT is set to:
[17.652s] 
[17.652s]     /usr
[17.652s] 
[17.652s]   For compatibility, CMake is ignoring the variable.
[17.652s] This warning is for project developers.  Use -Wno-dev to suppress it.
[17.652s] 
[17.771s] -- Found ackermann_msgs: 2.0.2 (/opt/ros/foxy/share/ackermann_msgs/cmake)
[18.033s] -- Found nav_msgs: 2.0.5 (/opt/ros/foxy/share/nav_msgs/cmake)
[18.970s] -- Found ament_lint_auto: 0.9.8 (/opt/ros/foxy/share/ament_lint_auto/cmake)
[20.370s] -- Added test 'copyright' to check source files copyright and LICENSE
[20.385s] -- Added test 'cppcheck' to perform static code analysis on C / C++ code
[20.385s] -- Configured cppcheck include dirs: /sim_ws/src/lidar_processing/include
[20.385s] -- Configured cppcheck exclude dirs and/or files: 
[20.405s] -- Added test 'cpplint' to check C / C++ code against the Google style
[20.405s] -- Configured cpplint exclude dirs and/or files: 
[20.414s] -- Added test 'flake8' to check Python code syntax and style conventions
[20.428s] -- Added test 'lint_cmake' to check CMake code style
[20.439s] -- Added test 'pep257' to check Python code against some of the style conventions in PEP 257
[20.459s] -- Added test 'uncrustify' to check C / C++ code style
[20.459s] -- Configured uncrustify additional arguments: 
[20.473s] -- Added test 'xmllint' to check XML markup files
[20.504s] -- Configuring done
[20.670s] -- Generating done
[20.682s] -- Build files have been written to: /sim_ws/src/lidar_processing/build/lidar_processing
[20.726s] Invoked command in '/sim_ws/src/lidar_processing/build/lidar_processing' returned '0': CMAKE_PREFIX_PATH=${CMAKE_PREFIX_PATH}:/sim_ws/install/py_wallfollow:/sim_ws/install/gt_follow_gap:/sim_ws/install/f1tenth_gym_ros:/sim_ws/install/drift_detector:/sim_ws/src/f1tenth_gym_ros/install/f1tenth_gym_ros:/opt/ros/foxy /usr/bin/cmake /sim_ws/src/lidar_processing -DCMAKE_INSTALL_PREFIX=/sim_ws/src/lidar_processing/install/lidar_processing
[20.734s] Invoking command in '/sim_ws/src/lidar_processing/build/lidar_processing': CMAKE_PREFIX_PATH=${CMAKE_PREFIX_PATH}:/sim_ws/install/py_wallfollow:/sim_ws/install/gt_follow_gap:/sim_ws/install/f1tenth_gym_ros:/sim_ws/install/drift_detector:/sim_ws/src/f1tenth_gym_ros/install/f1tenth_gym_ros:/opt/ros/foxy /usr/bin/cmake --build /sim_ws/src/lidar_processing/build/lidar_processing -- -j12 -l12
[20.833s] [35m[1mScanning dependencies of target clustering[0m
[20.835s] [35m[1mScanning dependencies of target scan_to_cloud[0m
[20.836s] [35m[1mScanning dependencies of target bounding_box[0m
[21.038s] [ 16%] [32mBuilding CXX object CMakeFiles/scan_to_cloud.dir/src/scan_to_cloud.cpp.o[0m
[21.066s] [ 33%] [32mBuilding CXX object CMakeFiles/clustering.dir/src/clustering.cpp.o[0m
[21.277s] [ 50%] [32mBuilding CXX object CMakeFiles/bounding_box.dir/src/bounding_box.cpp.o[0m
[37.247s] [ 66%] [32m[1mLinking CXX executable scan_to_cloud[0m
[37.979s] [ 66%] Built target scan_to_cloud
[41.615s] [ 83%] [32m[1mLinking CXX executable bounding_box[0m
[42.211s] [ 83%] Built target bounding_box
[55.886s] [100%] [32m[1mLinking CXX executable clustering[0m
[57.685s] [100%] Built target clustering
[57.706s] Invoked command in '/sim_ws/src/lidar_processing/build/lidar_processing' returned '0': CMAKE_PREFIX_PATH=${CMAKE_PREFIX_PATH}:/sim_ws/install/py_wallfollow:/sim_ws/install/gt_follow_gap:/sim_ws/install/f1tenth_gym_ros:/sim_ws/install/drift_detector:/sim_ws/src/f1tenth_gym_ros/install/f1tenth_gym_ros:/opt/ros/foxy /usr/bin/cmake --build /sim_ws/src/lidar_processing/build/lidar_processing -- -j12 -l12
[57.795s] Invoking command in '/sim_ws/src/lidar_processing/build/lidar_processing': CMAKE_PREFIX_PATH=${CMAKE_PREFIX_PATH}:/sim_ws/install/py_wallfollow:/sim_ws/install/gt_follow_gap:/sim_ws/install/f1tenth_gym_ros:/sim_ws/install/drift_detector:/sim_ws/src/f1tenth_gym_ros/install/f1tenth_gym_ros:/opt/ros/foxy /usr/bin/cmake --install /sim_ws/src/lidar_processing/build/lidar_processing
[57.806s] -- Install configuration: ""
[57.806s] -- Installing: /sim_ws/src/lidar_processing/install/lidar_processing/share/lidar_processing/environment/pythonpath.sh
[57.807s] -- Installing: /sim_ws/src/lidar_processing/install/lidar_processing/share/lidar_processing/environment/pythonpath.dsv
[57.809s] -- Installing: /sim_ws/src/lidar_processing/install/lidar_processing/lib/python3.8/site-packages/lidar_processing
[57.809s] -- Installing: /sim_ws/src/lidar_processing/install/lidar_processing/lib/python3.8/site-packages/lidar_processing/__init__.py
[58.489s] Listing '/sim_ws/src/lidar_processing/install/lidar_processing/lib/python3.8/site-packages/lidar_processing'...
[58.489s] Compiling '/sim_ws/src/lidar_processing/install/lidar_processing/lib/python3.8/site-packages/lidar_processing/__init__.py'...
[58.500s] -- Installing: /sim_ws/src/lidar_processing/install/lidar_processing/lib/lidar_processing/scan_to_cloud
[58.506s] -- Set runtime path of "/sim_ws/src/lidar_processing/install/lidar_processing/lib/lidar_processing/scan_to_cloud" to ""
[58.506s] -- Installing: /sim_ws/src/lidar_processing/install/lidar_processing/lib/lidar_processing/bounding_box
[58.510s] -- Set runtime path of "/sim_ws/src/lidar_processing/install/lidar_processing/lib/lidar_processing/bounding_box" to ""
[58.510s] -- Installing: /sim_ws/src/lidar_processing/install/lidar_processing/lib/lidar_processing/clustering
[58.514s] -- Set runtime path of "/sim_ws/src/lidar_processing/install/lidar_processing/lib/lidar_processing/clustering" to ""
[58.515s] -- Installing: /sim_ws/src/lidar_processing/install/lidar_processing/lib/lidar_processing/imm_filterpy.py
[58.516s] -- Installing: /sim_ws/src/lidar_processing/install/lidar_processing/share/lidar_processing/launch
[58.518s] -- Installing: /sim_ws/src/lidar_processing/install/lidar_processing/share/lidar_processing/launch/launch_lidar_processing.py
[58.522s] -- Installing: /sim_ws/src/lidar_processing/install/lidar_processing/share/ament_index/resource_index/package_run_dependencies/lidar_processing
[58.523s] -- Installing: /sim_ws/src/lidar_processing/install/lidar_processing/share/ament_index/resource_index/parent_prefix_path/lidar_processing
[58.524s] -- Installing: /sim_ws/src/lidar_processing/install/lidar_processing/share/lidar_processing/environment/ament_prefix_path.sh
[58.525s] -- Installing: /sim_ws/src/lidar_processing/install/lidar_processing/share/lidar_processing/environment/ament_prefix_path.dsv
[58.526s] -- Installing: /sim_ws/src/lidar_processing/install/lidar_processing/share/lidar_processing/environment/path.sh
[58.526s] -- Installing: /sim_ws/src/lidar_processing/install/lidar_processing/share/lidar_processing/environment/path.dsv
[58.527s] -- Installing: /sim_ws/src/lidar_processing/install/lidar_processing/share/lidar_processing/local_setup.bash
[58.527s] -- Installing: /sim_ws/src/lidar_processing/install/lidar_processing/share/lidar_processing/local_setup.sh
[58.528s] -- Installing: /sim_ws/src/lidar_processing/install/lidar_processing/share/lidar_processing/local_setup.zsh
[58.529s] -- Installing: /sim_ws/src/lidar_processing/install/lidar_processing/share/lidar_processing/local_setup.dsv
[58.530s] -- Installing: /sim_ws/src/lidar_processing/install/lidar_processing/share/lidar_processing/package.dsv
[58.530s] -- Installing: /sim_ws/src/lidar_processing/install/lidar_processing/share/ament_index/resource_index/packages/lidar_processing
[58.530s] -- Installing: /sim_ws/src/lidar_processing/install/lidar_processing/share/lidar_processing/cmake/lidar_processingConfig.cmake
[58.530s] -- Installing: /sim_ws/src/lidar_processing/install/lidar_processing/share/lidar_processing/cmake/lidar_processingConfig-version.cmake
[58.531s] -- Installing: /sim_ws/src/lidar_processing/install/lidar_processing/share/lidar_processing/package.xml
[58.538s] Invoked command in '/sim_ws/src/lidar_processing/build/lidar_processing' returned '0': CMAKE_PREFIX_PATH=${CMAKE_PREFIX_PATH}:/sim_ws/install/py_wallfollow:/sim_ws/install/gt_follow_gap:/sim_ws/install/f1tenth_gym_ros:/sim_ws/install/drift_detector:/sim_ws/src/f1tenth_gym_ros/install/f1tenth_gym_ros:/opt/ros/foxy /usr/bin/cmake --install /sim_ws/src/lidar_processing/build/lidar_processing
