[0.503s] DEBUG:colcon:Command line arguments: ['/usr/bin/colcon', 'build', '--packages-up-to', 'lidar_processing']
[0.503s] DEBUG:colcon:Parsed command line arguments: Namespace(ament_cmake_args=None, base_paths=['.'], build_base='build', catkin_cmake_args=None, catkin_skip_building_tests=False, cmake_args=None, cmake_clean_cache=False, cmake_clean_first=False, cmake_force_configure=False, cmake_target=None, cmake_target_skip_unavailable=False, continue_on_error=False, event_handlers=None, executor='parallel', ignore_user_meta=False, install_base='install', log_base=None, log_level=None, main=<bound method BuildVerb.main of <colcon_core.verb.build.BuildVerb object at 0x7ff21f910520>>, merge_install=False, metas=['./colcon.meta'], mixin=None, mixin_files=None, mixin_verb=('build',), packages_above=None, packages_above_and_dependencies=None, packages_above_depth=None, packages_end=None, packages_ignore=None, packages_ignore_regex=None, packages_select=None, packages_select_build_failed=False, packages_select_by_dep=None, packages_select_regex=None, packages_select_test_failures=False, packages_skip=None, packages_skip_build_finished=False, packages_skip_by_dep=None, packages_skip_regex=None, packages_skip_test_passed=False, packages_skip_up_to=None, packages_start=None, packages_up_to=['lidar_processing'], packages_up_to_regex=None, parallel_workers=12, paths=None, symlink_install=False, test_result_base=None, verb_extension=<colcon_core.verb.build.BuildVerb object at 0x7ff21f910520>, verb_name='build', verb_parser=<colcon_mixin.mixin.mixin_argument.MixinArgumentDecorator object at 0x7ff21f910b80>)
[0.546s] Level 1:colcon.colcon_core.package_discovery:discover_packages(colcon_meta) check parameters
[0.547s] INFO:colcon.colcon_metadata.package_discovery.colcon_meta:Using configuration from '/root/.colcon/metadata/default/Gazebo.meta'
[0.548s] INFO:colcon.colcon_metadata.package_discovery.colcon_meta:Using configuration from '/root/.colcon/metadata/default/fastdds.meta'
[0.549s] INFO:colcon.colcon_metadata.package_discovery.colcon_meta:Using configuration from '/root/.colcon/metadata/default/fastrtps.meta'
[0.549s] Level 1:colcon.colcon_core.package_discovery:discover_packages(recursive) check parameters
[0.549s] Level 1:colcon.colcon_core.package_discovery:discover_packages(ignore) check parameters
[0.549s] Level 1:colcon.colcon_core.package_discovery:discover_packages(path) check parameters
[0.549s] Level 1:colcon.colcon_core.package_discovery:discover_packages(colcon_meta) discover
[0.549s] Level 1:colcon.colcon_core.package_discovery:discover_packages(recursive) discover
[0.549s] INFO:colcon.colcon_core.package_discovery:Crawling recursively for packages in '/sim_ws/src/lidar_processing'
[0.550s] Level 1:colcon.colcon_core.package_identification:_identify(.) by extensions ['ignore', 'ignore_ament_install']
[0.550s] Level 1:colcon.colcon_core.package_identification:_identify(.) by extension 'ignore'
[0.550s] Level 1:colcon.colcon_core.package_identification:_identify(.) by extension 'ignore_ament_install'
[0.550s] Level 1:colcon.colcon_core.package_identification:_identify(.) by extensions ['colcon_pkg']
[0.550s] Level 1:colcon.colcon_core.package_identification:_identify(.) by extension 'colcon_pkg'
[0.550s] Level 1:colcon.colcon_core.package_identification:_identify(.) by extensions ['colcon_meta']
[0.550s] Level 1:colcon.colcon_core.package_identification:_identify(.) by extension 'colcon_meta'
[0.550s] Level 1:colcon.colcon_core.package_identification:_identify(.) by extensions ['ros']
[0.550s] Level 1:colcon.colcon_core.package_identification:_identify(.) by extension 'ros'
[0.592s] DEBUG:colcon.colcon_core.package_identification:Package '.' with type 'ros.ament_cmake' and name 'lidar_processing'
[0.592s] Level 1:colcon.colcon_core.package_discovery:discover_packages(recursive) using defaults
[0.593s] Level 1:colcon.colcon_core.package_discovery:discover_packages(ignore) discover
[0.593s] Level 1:colcon.colcon_core.package_discovery:discover_packages(ignore) using defaults
[0.593s] Level 1:colcon.colcon_core.package_discovery:discover_packages(path) discover
[0.593s] Level 1:colcon.colcon_core.package_discovery:discover_packages(path) using defaults
[0.621s] Level 5:colcon.colcon_core.verb:set package 'lidar_processing' build argument 'cmake_args' from command line to 'None'
[0.622s] Level 5:colcon.colcon_core.verb:set package 'lidar_processing' build argument 'cmake_target' from command line to 'None'
[0.622s] Level 5:colcon.colcon_core.verb:set package 'lidar_processing' build argument 'cmake_target_skip_unavailable' from command line to 'False'
[0.622s] Level 5:colcon.colcon_core.verb:set package 'lidar_processing' build argument 'cmake_clean_cache' from command line to 'False'
[0.622s] Level 5:colcon.colcon_core.verb:set package 'lidar_processing' build argument 'cmake_clean_first' from command line to 'False'
[0.622s] Level 5:colcon.colcon_core.verb:set package 'lidar_processing' build argument 'cmake_force_configure' from command line to 'False'
[0.622s] Level 5:colcon.colcon_core.verb:set package 'lidar_processing' build argument 'ament_cmake_args' from command line to 'None'
[0.622s] Level 5:colcon.colcon_core.verb:set package 'lidar_processing' build argument 'catkin_cmake_args' from command line to 'None'
[0.622s] Level 5:colcon.colcon_core.verb:set package 'lidar_processing' build argument 'catkin_skip_building_tests' from command line to 'False'
[0.622s] DEBUG:colcon.colcon_core.verb:Building package 'lidar_processing' with the following arguments: {'ament_cmake_args': None, 'build_base': '/sim_ws/src/lidar_processing/build/lidar_processing', 'catkin_cmake_args': None, 'catkin_skip_building_tests': False, 'cmake_args': None, 'cmake_clean_cache': False, 'cmake_clean_first': False, 'cmake_force_configure': False, 'cmake_target': None, 'cmake_target_skip_unavailable': False, 'install_base': '/sim_ws/src/lidar_processing/install/lidar_processing', 'merge_install': False, 'path': '/sim_ws/src/lidar_processing', 'symlink_install': False, 'test_result_base': None}
[0.623s] INFO:colcon.colcon_core.executor:Executing jobs using 'parallel' executor
[0.632s] DEBUG:colcon.colcon_parallel_executor.executor.parallel:run_until_complete
[0.637s] INFO:colcon.colcon_ros.task.ament_cmake.build:Building ROS package in '/sim_ws/src/lidar_processing' with build type 'ament_cmake'
[0.637s] INFO:colcon.colcon_cmake.task.cmake.build:Building CMake package in '/sim_ws/src/lidar_processing'
[0.649s] INFO:colcon.colcon_core.plugin_system:Skipping extension 'colcon_core.shell.bat': Not used on non-Windows systems
[0.650s] INFO:colcon.colcon_core.shell:Skip shell extension 'powershell' for command environment: Not usable outside of PowerShell
[0.650s] DEBUG:colcon.colcon_core.shell:Skip shell extension 'dsv' for command environment
[0.689s] DEBUG:colcon.colcon_core.event_handler.log_command:Invoking command in '/sim_ws/src/lidar_processing/build/lidar_processing': CMAKE_PREFIX_PATH=${CMAKE_PREFIX_PATH}:/sim_ws/install/lidar_processing:/opt/ros/foxy:/sim_ws/install/py_wallfollow:/sim_ws/install/gt_follow_gap:/sim_ws/install/f1tenth_gym_ros:/sim_ws/install/drift_detector /usr/bin/cmake --build /sim_ws/src/lidar_processing/build/lidar_processing -- -j12 -l12
[14.024s] DEBUG:colcon.colcon_core.event_handler.log_command:Invoked command in '/sim_ws/src/lidar_processing/build/lidar_processing' returned '0': CMAKE_PREFIX_PATH=${CMAKE_PREFIX_PATH}:/sim_ws/install/lidar_processing:/opt/ros/foxy:/sim_ws/install/py_wallfollow:/sim_ws/install/gt_follow_gap:/sim_ws/install/f1tenth_gym_ros:/sim_ws/install/drift_detector /usr/bin/cmake --build /sim_ws/src/lidar_processing/build/lidar_processing -- -j12 -l12
[14.092s] DEBUG:colcon.colcon_core.event_handler.log_command:Invoking command in '/sim_ws/src/lidar_processing/build/lidar_processing': CMAKE_PREFIX_PATH=${CMAKE_PREFIX_PATH}:/sim_ws/install/lidar_processing:/opt/ros/foxy:/sim_ws/install/py_wallfollow:/sim_ws/install/gt_follow_gap:/sim_ws/install/f1tenth_gym_ros:/sim_ws/install/drift_detector /usr/bin/cmake --install /sim_ws/src/lidar_processing/build/lidar_processing
[14.107s] Level 1:colcon.colcon_core.environment:create_environment_scripts_only(lidar_processing)
[14.110s] DEBUG:colcon.colcon_core.event_handler.log_command:Invoked command in '/sim_ws/src/lidar_processing/build/lidar_processing' returned '0': CMAKE_PREFIX_PATH=${CMAKE_PREFIX_PATH}:/sim_ws/install/lidar_processing:/opt/ros/foxy:/sim_ws/install/py_wallfollow:/sim_ws/install/gt_follow_gap:/sim_ws/install/f1tenth_gym_ros:/sim_ws/install/drift_detector /usr/bin/cmake --install /sim_ws/src/lidar_processing/build/lidar_processing
[14.117s] Level 1:colcon.colcon_core.environment:checking '/sim_ws/src/lidar_processing/install/lidar_processing' for CMake module files
[14.118s] Level 1:colcon.colcon_core.environment:checking '/sim_ws/src/lidar_processing/install/lidar_processing' for CMake config files
[14.119s] Level 1:colcon.colcon_core.shell:create_environment_hook('lidar_processing', 'cmake_prefix_path')
[14.121s] INFO:colcon.colcon_core.shell:Creating environment hook '/sim_ws/src/lidar_processing/install/lidar_processing/share/lidar_processing/hook/cmake_prefix_path.ps1'
[14.122s] INFO:colcon.colcon_core.shell:Creating environment descriptor '/sim_ws/src/lidar_processing/install/lidar_processing/share/lidar_processing/hook/cmake_prefix_path.dsv'
[14.123s] INFO:colcon.colcon_core.shell:Creating environment hook '/sim_ws/src/lidar_processing/install/lidar_processing/share/lidar_processing/hook/cmake_prefix_path.sh'
[14.125s] Level 1:colcon.colcon_core.environment:checking '/sim_ws/src/lidar_processing/install/lidar_processing/lib'
[14.125s] Level 1:colcon.colcon_core.environment:checking '/sim_ws/src/lidar_processing/install/lidar_processing/bin'
[14.125s] Level 1:colcon.colcon_core.environment:checking '/sim_ws/src/lidar_processing/install/lidar_processing/lib/pkgconfig/lidar_processing.pc'
[14.127s] Level 1:colcon.colcon_core.environment:checking '/sim_ws/src/lidar_processing/install/lidar_processing/lib/python3.8/site-packages'
[14.127s] Level 1:colcon.colcon_core.environment:checking '/sim_ws/src/lidar_processing/install/lidar_processing/bin'
[14.129s] INFO:colcon.colcon_core.shell:Creating package script '/sim_ws/src/lidar_processing/install/lidar_processing/share/lidar_processing/package.ps1'
[14.131s] INFO:colcon.colcon_core.shell:Creating package descriptor '/sim_ws/src/lidar_processing/install/lidar_processing/share/lidar_processing/package.dsv'
[14.131s] INFO:colcon.colcon_core.shell:Creating package script '/sim_ws/src/lidar_processing/install/lidar_processing/share/lidar_processing/package.sh'
[14.133s] INFO:colcon.colcon_core.shell:Creating package script '/sim_ws/src/lidar_processing/install/lidar_processing/share/lidar_processing/package.bash'
[14.134s] INFO:colcon.colcon_core.shell:Creating package script '/sim_ws/src/lidar_processing/install/lidar_processing/share/lidar_processing/package.zsh'
[14.135s] Level 1:colcon.colcon_core.environment:create_file_with_runtime_dependencies(/sim_ws/src/lidar_processing/install/lidar_processing/share/colcon-core/packages/lidar_processing)
[14.173s] Level 1:colcon.colcon_core.environment:create_environment_scripts_only(lidar_processing)
[14.176s] Level 1:colcon.colcon_core.environment:checking '/sim_ws/src/lidar_processing/install/lidar_processing' for CMake module files
[14.177s] Level 1:colcon.colcon_core.environment:checking '/sim_ws/src/lidar_processing/install/lidar_processing' for CMake config files
[14.177s] Level 1:colcon.colcon_core.shell:create_environment_hook('lidar_processing', 'cmake_prefix_path')
[14.180s] INFO:colcon.colcon_core.shell:Creating environment hook '/sim_ws/src/lidar_processing/install/lidar_processing/share/lidar_processing/hook/cmake_prefix_path.ps1'
[14.181s] INFO:colcon.colcon_core.shell:Creating environment descriptor '/sim_ws/src/lidar_processing/install/lidar_processing/share/lidar_processing/hook/cmake_prefix_path.dsv'
[14.182s] INFO:colcon.colcon_core.shell:Creating environment hook '/sim_ws/src/lidar_processing/install/lidar_processing/share/lidar_processing/hook/cmake_prefix_path.sh'
[14.183s] Level 1:colcon.colcon_core.environment:checking '/sim_ws/src/lidar_processing/install/lidar_processing/lib'
[14.183s] Level 1:colcon.colcon_core.environment:checking '/sim_ws/src/lidar_processing/install/lidar_processing/bin'
[14.183s] Level 1:colcon.colcon_core.environment:checking '/sim_ws/src/lidar_processing/install/lidar_processing/lib/pkgconfig/lidar_processing.pc'
[14.183s] Level 1:colcon.colcon_core.environment:checking '/sim_ws/src/lidar_processing/install/lidar_processing/lib/python3.8/site-packages'
[14.184s] Level 1:colcon.colcon_core.environment:checking '/sim_ws/src/lidar_processing/install/lidar_processing/bin'
[14.186s] INFO:colcon.colcon_core.shell:Creating package script '/sim_ws/src/lidar_processing/install/lidar_processing/share/lidar_processing/package.ps1'
[14.187s] INFO:colcon.colcon_core.shell:Creating package descriptor '/sim_ws/src/lidar_processing/install/lidar_processing/share/lidar_processing/package.dsv'
[14.188s] INFO:colcon.colcon_core.shell:Creating package script '/sim_ws/src/lidar_processing/install/lidar_processing/share/lidar_processing/package.sh'
[14.189s] INFO:colcon.colcon_core.shell:Creating package script '/sim_ws/src/lidar_processing/install/lidar_processing/share/lidar_processing/package.bash'
[14.190s] INFO:colcon.colcon_core.shell:Creating package script '/sim_ws/src/lidar_processing/install/lidar_processing/share/lidar_processing/package.zsh'
[14.190s] Level 1:colcon.colcon_core.environment:create_file_with_runtime_dependencies(/sim_ws/src/lidar_processing/install/lidar_processing/share/colcon-core/packages/lidar_processing)
[14.191s] DEBUG:colcon.colcon_parallel_executor.executor.parallel:closing loop
[14.192s] DEBUG:colcon.colcon_parallel_executor.executor.parallel:loop closed
[14.193s] DEBUG:colcon.colcon_parallel_executor.executor.parallel:run_until_complete finished with '0'
[14.193s] DEBUG:colcon.colcon_core.event_reactor:joining thread
[14.204s] INFO:colcon.colcon_core.plugin_system:Skipping extension 'colcon_notification.desktop_notification.notify_send': Could not find 'notify-send'
[14.204s] INFO:colcon.colcon_core.plugin_system:Skipping extension 'colcon_notification.desktop_notification.terminal_notifier': Not used on non-Darwin systems
[14.204s] INFO:colcon.colcon_core.plugin_system:Skipping extension 'colcon_notification.desktop_notification.win32': Not used on non-Windows systems
[14.204s] INFO:colcon.colcon_notification.desktop_notification:Sending desktop notification using 'notify2'
[14.215s] DEBUG:colcon.colcon_notification.desktop_notification.notify2:Failed to initialize notify2: org.freedesktop.DBus.Error.ServiceUnknown: The name org.freedesktop.Notifications was not provided by any .service files
[14.215s] DEBUG:colcon.colcon_core.event_reactor:joined thread
[14.218s] INFO:colcon.colcon_core.shell:Creating prefix script '/sim_ws/src/lidar_processing/install/local_setup.ps1'
[14.221s] INFO:colcon.colcon_core.shell:Creating prefix util module '/sim_ws/src/lidar_processing/install/_local_setup_util_ps1.py'
[14.224s] INFO:colcon.colcon_core.shell:Creating prefix chain script '/sim_ws/src/lidar_processing/install/setup.ps1'
[14.228s] INFO:colcon.colcon_core.shell:Creating prefix script '/sim_ws/src/lidar_processing/install/local_setup.sh'
[14.229s] INFO:colcon.colcon_core.shell:Creating prefix util module '/sim_ws/src/lidar_processing/install/_local_setup_util_sh.py'
[14.230s] INFO:colcon.colcon_core.shell:Creating prefix chain script '/sim_ws/src/lidar_processing/install/setup.sh'
[14.232s] INFO:colcon.colcon_core.shell:Creating prefix script '/sim_ws/src/lidar_processing/install/local_setup.bash'
[14.233s] INFO:colcon.colcon_core.shell:Creating prefix chain script '/sim_ws/src/lidar_processing/install/setup.bash'
[14.236s] INFO:colcon.colcon_core.shell:Creating prefix script '/sim_ws/src/lidar_processing/install/local_setup.zsh'
[14.237s] INFO:colcon.colcon_core.shell:Creating prefix chain script '/sim_ws/src/lidar_processing/install/setup.zsh'
