[1.345s] DEBUG:colcon:Command line arguments: ['/usr/bin/colcon', 'build', '--packages-select', 'lidar_processing']
[1.345s] DEBUG:colcon:Parsed command line arguments: Namespace(ament_cmake_args=None, base_paths=['.'], build_base='build', catkin_cmake_args=None, catkin_skip_building_tests=False, cmake_args=None, cmake_clean_cache=False, cmake_clean_first=False, cmake_force_configure=False, cmake_target=None, cmake_target_skip_unavailable=False, continue_on_error=False, event_handlers=None, executor='parallel', ignore_user_meta=False, install_base='install', log_base=None, log_level=None, main=<bound method BuildVerb.main of <colcon_core.verb.build.BuildVerb object at 0x7f665d8aa6a0>>, merge_install=False, metas=['./colcon.meta'], mixin=None, mixin_files=None, mixin_verb=('build',), packages_above=None, packages_above_and_dependencies=None, packages_above_depth=None, packages_end=None, packages_ignore=None, packages_ignore_regex=None, packages_select=['lidar_processing'], packages_select_build_failed=False, packages_select_by_dep=None, packages_select_regex=None, packages_select_test_failures=False, packages_skip=None, packages_skip_build_finished=False, packages_skip_by_dep=None, packages_skip_regex=None, packages_skip_test_passed=False, packages_skip_up_to=None, packages_start=None, packages_up_to=None, packages_up_to_regex=None, parallel_workers=12, paths=None, symlink_install=False, test_result_base=None, verb_extension=<colcon_core.verb.build.BuildVerb object at 0x7f665d8aa6a0>, verb_name='build', verb_parser=<colcon_mixin.mixin.mixin_argument.MixinArgumentDecorator object at 0x7f665d8aad00>)
[1.511s] Level 1:colcon.colcon_core.package_discovery:discover_packages(colcon_meta) check parameters
[1.514s] INFO:colcon.colcon_metadata.package_discovery.colcon_meta:Using configuration from '/root/.colcon/metadata/default/Gazebo.meta'
[1.517s] INFO:colcon.colcon_metadata.package_discovery.colcon_meta:Using configuration from '/root/.colcon/metadata/default/fastdds.meta'
[1.519s] INFO:colcon.colcon_metadata.package_discovery.colcon_meta:Using configuration from '/root/.colcon/metadata/default/fastrtps.meta'
[1.519s] Level 1:colcon.colcon_core.package_discovery:discover_packages(recursive) check parameters
[1.519s] Level 1:colcon.colcon_core.package_discovery:discover_packages(ignore) check parameters
[1.519s] Level 1:colcon.colcon_core.package_discovery:discover_packages(path) check parameters
[1.519s] Level 1:colcon.colcon_core.package_discovery:discover_packages(colcon_meta) discover
[1.519s] Level 1:colcon.colcon_core.package_discovery:discover_packages(recursive) discover
[1.519s] INFO:colcon.colcon_core.package_discovery:Crawling recursively for packages in '/sim_ws/src/lidar_processing'
[1.520s] Level 1:colcon.colcon_core.package_identification:_identify(.) by extensions ['ignore', 'ignore_ament_install']
[1.520s] Level 1:colcon.colcon_core.package_identification:_identify(.) by extension 'ignore'
[1.520s] Level 1:colcon.colcon_core.package_identification:_identify(.) by extension 'ignore_ament_install'
[1.520s] Level 1:colcon.colcon_core.package_identification:_identify(.) by extensions ['colcon_pkg']
[1.520s] Level 1:colcon.colcon_core.package_identification:_identify(.) by extension 'colcon_pkg'
[1.521s] Level 1:colcon.colcon_core.package_identification:_identify(.) by extensions ['colcon_meta']
[1.521s] Level 1:colcon.colcon_core.package_identification:_identify(.) by extension 'colcon_meta'
[1.521s] Level 1:colcon.colcon_core.package_identification:_identify(.) by extensions ['ros']
[1.521s] Level 1:colcon.colcon_core.package_identification:_identify(.) by extension 'ros'
[1.591s] DEBUG:colcon.colcon_core.package_identification:Package '.' with type 'ros.ament_cmake' and name 'lidar_processing'
[1.592s] Level 1:colcon.colcon_core.package_discovery:discover_packages(recursive) using defaults
[1.592s] Level 1:colcon.colcon_core.package_discovery:discover_packages(ignore) discover
[1.593s] Level 1:colcon.colcon_core.package_discovery:discover_packages(ignore) using defaults
[1.593s] Level 1:colcon.colcon_core.package_discovery:discover_packages(path) discover
[1.593s] Level 1:colcon.colcon_core.package_discovery:discover_packages(path) using defaults
[1.879s] Level 5:colcon.colcon_core.verb:set package 'lidar_processing' build argument 'cmake_args' from command line to 'None'
[1.879s] Level 5:colcon.colcon_core.verb:set package 'lidar_processing' build argument 'cmake_target' from command line to 'None'
[1.880s] Level 5:colcon.colcon_core.verb:set package 'lidar_processing' build argument 'cmake_target_skip_unavailable' from command line to 'False'
[1.883s] Level 5:colcon.colcon_core.verb:set package 'lidar_processing' build argument 'cmake_clean_cache' from command line to 'False'
[1.883s] Level 5:colcon.colcon_core.verb:set package 'lidar_processing' build argument 'cmake_clean_first' from command line to 'False'
[1.883s] Level 5:colcon.colcon_core.verb:set package 'lidar_processing' build argument 'cmake_force_configure' from command line to 'False'
[1.884s] Level 5:colcon.colcon_core.verb:set package 'lidar_processing' build argument 'ament_cmake_args' from command line to 'None'
[1.884s] Level 5:colcon.colcon_core.verb:set package 'lidar_processing' build argument 'catkin_cmake_args' from command line to 'None'
[1.884s] Level 5:colcon.colcon_core.verb:set package 'lidar_processing' build argument 'catkin_skip_building_tests' from command line to 'False'
[1.884s] DEBUG:colcon.colcon_core.verb:Building package 'lidar_processing' with the following arguments: {'ament_cmake_args': None, 'build_base': '/sim_ws/src/lidar_processing/build/lidar_processing', 'catkin_cmake_args': None, 'catkin_skip_building_tests': False, 'cmake_args': None, 'cmake_clean_cache': False, 'cmake_clean_first': False, 'cmake_force_configure': False, 'cmake_target': None, 'cmake_target_skip_unavailable': False, 'install_base': '/sim_ws/src/lidar_processing/install/lidar_processing', 'merge_install': False, 'path': '/sim_ws/src/lidar_processing', 'symlink_install': False, 'test_result_base': None}
[1.886s] INFO:colcon.colcon_core.executor:Executing jobs using 'parallel' executor
[1.893s] DEBUG:colcon.colcon_parallel_executor.executor.parallel:run_until_complete
[1.895s] INFO:colcon.colcon_ros.task.ament_cmake.build:Building ROS package in '/sim_ws/src/lidar_processing' with build type 'ament_cmake'
[1.895s] INFO:colcon.colcon_cmake.task.cmake.build:Building CMake package in '/sim_ws/src/lidar_processing'
[1.934s] INFO:colcon.colcon_core.plugin_system:Skipping extension 'colcon_core.shell.bat': Not used on non-Windows systems
[1.935s] INFO:colcon.colcon_core.shell:Skip shell extension 'powershell' for command environment: Not usable outside of PowerShell
[1.936s] DEBUG:colcon.colcon_core.shell:Skip shell extension 'dsv' for command environment
[2.173s] DEBUG:colcon.colcon_core.event_handler.log_command:Invoking command in '/sim_ws/src/lidar_processing/build/lidar_processing': CMAKE_PREFIX_PATH=${CMAKE_PREFIX_PATH}:/sim_ws/install/py_wallfollow:/sim_ws/install/gt_follow_gap:/sim_ws/install/f1tenth_gym_ros:/sim_ws/install/drift_detector:/sim_ws/src/f1tenth_gym_ros/install/f1tenth_gym_ros:/opt/ros/foxy /usr/bin/cmake --build /sim_ws/src/lidar_processing/build/lidar_processing -- -j12 -l12
[37.762s] DEBUG:colcon.colcon_core.event_handler.log_command:Invoked command in '/sim_ws/src/lidar_processing/build/lidar_processing' returned '0': CMAKE_PREFIX_PATH=${CMAKE_PREFIX_PATH}:/sim_ws/install/py_wallfollow:/sim_ws/install/gt_follow_gap:/sim_ws/install/f1tenth_gym_ros:/sim_ws/install/drift_detector:/sim_ws/src/f1tenth_gym_ros/install/f1tenth_gym_ros:/opt/ros/foxy /usr/bin/cmake --build /sim_ws/src/lidar_processing/build/lidar_processing -- -j12 -l12
[37.854s] DEBUG:colcon.colcon_core.event_handler.log_command:Invoking command in '/sim_ws/src/lidar_processing/build/lidar_processing': CMAKE_PREFIX_PATH=${CMAKE_PREFIX_PATH}:/sim_ws/install/py_wallfollow:/sim_ws/install/gt_follow_gap:/sim_ws/install/f1tenth_gym_ros:/sim_ws/install/drift_detector:/sim_ws/src/f1tenth_gym_ros/install/f1tenth_gym_ros:/opt/ros/foxy /usr/bin/cmake --install /sim_ws/src/lidar_processing/build/lidar_processing
[38.357s] Level 1:colcon.colcon_core.environment:create_environment_scripts_only(lidar_processing)
[38.360s] DEBUG:colcon.colcon_core.event_handler.log_command:Invoked command in '/sim_ws/src/lidar_processing/build/lidar_processing' returned '0': CMAKE_PREFIX_PATH=${CMAKE_PREFIX_PATH}:/sim_ws/install/py_wallfollow:/sim_ws/install/gt_follow_gap:/sim_ws/install/f1tenth_gym_ros:/sim_ws/install/drift_detector:/sim_ws/src/f1tenth_gym_ros/install/f1tenth_gym_ros:/opt/ros/foxy /usr/bin/cmake --install /sim_ws/src/lidar_processing/build/lidar_processing
[38.396s] Level 1:colcon.colcon_core.environment:checking '/sim_ws/src/lidar_processing/install/lidar_processing' for CMake module files
[38.397s] Level 1:colcon.colcon_core.environment:checking '/sim_ws/src/lidar_processing/install/lidar_processing' for CMake config files
[38.398s] Level 1:colcon.colcon_core.shell:create_environment_hook('lidar_processing', 'cmake_prefix_path')
[38.400s] INFO:colcon.colcon_core.shell:Creating environment hook '/sim_ws/src/lidar_processing/install/lidar_processing/share/lidar_processing/hook/cmake_prefix_path.ps1'
[38.402s] INFO:colcon.colcon_core.shell:Creating environment descriptor '/sim_ws/src/lidar_processing/install/lidar_processing/share/lidar_processing/hook/cmake_prefix_path.dsv'
[38.403s] INFO:colcon.colcon_core.shell:Creating environment hook '/sim_ws/src/lidar_processing/install/lidar_processing/share/lidar_processing/hook/cmake_prefix_path.sh'
[38.406s] Level 1:colcon.colcon_core.environment:checking '/sim_ws/src/lidar_processing/install/lidar_processing/lib'
[38.407s] Level 1:colcon.colcon_core.environment:checking '/sim_ws/src/lidar_processing/install/lidar_processing/bin'
[38.407s] Level 1:colcon.colcon_core.environment:checking '/sim_ws/src/lidar_processing/install/lidar_processing/lib/pkgconfig/lidar_processing.pc'
[38.415s] Level 1:colcon.colcon_core.environment:checking '/sim_ws/src/lidar_processing/install/lidar_processing/lib/python3.8/site-packages'
[38.415s] Level 1:colcon.colcon_core.shell:create_environment_hook('lidar_processing', 'pythonpath')
[38.420s] INFO:colcon.colcon_core.shell:Creating environment hook '/sim_ws/src/lidar_processing/install/lidar_processing/share/lidar_processing/hook/pythonpath.ps1'
[38.422s] INFO:colcon.colcon_core.shell:Creating environment descriptor '/sim_ws/src/lidar_processing/install/lidar_processing/share/lidar_processing/hook/pythonpath.dsv'
[38.423s] INFO:colcon.colcon_core.shell:Creating environment hook '/sim_ws/src/lidar_processing/install/lidar_processing/share/lidar_processing/hook/pythonpath.sh'
[38.424s] Level 1:colcon.colcon_core.environment:checking '/sim_ws/src/lidar_processing/install/lidar_processing/bin'
[38.427s] INFO:colcon.colcon_core.shell:Creating package script '/sim_ws/src/lidar_processing/install/lidar_processing/share/lidar_processing/package.ps1'
[38.429s] INFO:colcon.colcon_core.shell:Creating package descriptor '/sim_ws/src/lidar_processing/install/lidar_processing/share/lidar_processing/package.dsv'
[38.430s] INFO:colcon.colcon_core.shell:Creating package script '/sim_ws/src/lidar_processing/install/lidar_processing/share/lidar_processing/package.sh'
[38.432s] INFO:colcon.colcon_core.shell:Creating package script '/sim_ws/src/lidar_processing/install/lidar_processing/share/lidar_processing/package.bash'
[38.435s] INFO:colcon.colcon_core.shell:Creating package script '/sim_ws/src/lidar_processing/install/lidar_processing/share/lidar_processing/package.zsh'
[38.438s] Level 1:colcon.colcon_core.environment:create_file_with_runtime_dependencies(/sim_ws/src/lidar_processing/install/lidar_processing/share/colcon-core/packages/lidar_processing)
[38.522s] Level 1:colcon.colcon_core.environment:create_environment_scripts_only(lidar_processing)
[38.528s] Level 1:colcon.colcon_core.environment:checking '/sim_ws/src/lidar_processing/install/lidar_processing' for CMake module files
[38.529s] Level 1:colcon.colcon_core.environment:checking '/sim_ws/src/lidar_processing/install/lidar_processing' for CMake config files
[38.529s] Level 1:colcon.colcon_core.shell:create_environment_hook('lidar_processing', 'cmake_prefix_path')
[38.533s] INFO:colcon.colcon_core.shell:Creating environment hook '/sim_ws/src/lidar_processing/install/lidar_processing/share/lidar_processing/hook/cmake_prefix_path.ps1'
[38.534s] INFO:colcon.colcon_core.shell:Creating environment descriptor '/sim_ws/src/lidar_processing/install/lidar_processing/share/lidar_processing/hook/cmake_prefix_path.dsv'
[38.535s] INFO:colcon.colcon_core.shell:Creating environment hook '/sim_ws/src/lidar_processing/install/lidar_processing/share/lidar_processing/hook/cmake_prefix_path.sh'
[38.536s] Level 1:colcon.colcon_core.environment:checking '/sim_ws/src/lidar_processing/install/lidar_processing/lib'
[38.536s] Level 1:colcon.colcon_core.environment:checking '/sim_ws/src/lidar_processing/install/lidar_processing/bin'
[38.537s] Level 1:colcon.colcon_core.environment:checking '/sim_ws/src/lidar_processing/install/lidar_processing/lib/pkgconfig/lidar_processing.pc'
[38.537s] Level 1:colcon.colcon_core.environment:checking '/sim_ws/src/lidar_processing/install/lidar_processing/lib/python3.8/site-packages'
[38.538s] Level 1:colcon.colcon_core.shell:create_environment_hook('lidar_processing', 'pythonpath')
[38.540s] INFO:colcon.colcon_core.shell:Creating environment hook '/sim_ws/src/lidar_processing/install/lidar_processing/share/lidar_processing/hook/pythonpath.ps1'
[38.541s] INFO:colcon.colcon_core.shell:Creating environment descriptor '/sim_ws/src/lidar_processing/install/lidar_processing/share/lidar_processing/hook/pythonpath.dsv'
[38.542s] INFO:colcon.colcon_core.shell:Creating environment hook '/sim_ws/src/lidar_processing/install/lidar_processing/share/lidar_processing/hook/pythonpath.sh'
[38.544s] Level 1:colcon.colcon_core.environment:checking '/sim_ws/src/lidar_processing/install/lidar_processing/bin'
[38.547s] INFO:colcon.colcon_core.shell:Creating package script '/sim_ws/src/lidar_processing/install/lidar_processing/share/lidar_processing/package.ps1'
[38.549s] INFO:colcon.colcon_core.shell:Creating package descriptor '/sim_ws/src/lidar_processing/install/lidar_processing/share/lidar_processing/package.dsv'
[38.551s] INFO:colcon.colcon_core.shell:Creating package script '/sim_ws/src/lidar_processing/install/lidar_processing/share/lidar_processing/package.sh'
[38.552s] INFO:colcon.colcon_core.shell:Creating package script '/sim_ws/src/lidar_processing/install/lidar_processing/share/lidar_processing/package.bash'
[38.553s] INFO:colcon.colcon_core.shell:Creating package script '/sim_ws/src/lidar_processing/install/lidar_processing/share/lidar_processing/package.zsh'
[38.555s] Level 1:colcon.colcon_core.environment:create_file_with_runtime_dependencies(/sim_ws/src/lidar_processing/install/lidar_processing/share/colcon-core/packages/lidar_processing)
[38.557s] DEBUG:colcon.colcon_parallel_executor.executor.parallel:closing loop
[38.558s] DEBUG:colcon.colcon_parallel_executor.executor.parallel:loop closed
[38.558s] DEBUG:colcon.colcon_parallel_executor.executor.parallel:run_until_complete finished with '0'
[38.559s] DEBUG:colcon.colcon_core.event_reactor:joining thread
[38.605s] INFO:colcon.colcon_core.plugin_system:Skipping extension 'colcon_notification.desktop_notification.notify_send': Could not find 'notify-send'
[38.605s] INFO:colcon.colcon_core.plugin_system:Skipping extension 'colcon_notification.desktop_notification.terminal_notifier': Not used on non-Darwin systems
[38.605s] INFO:colcon.colcon_core.plugin_system:Skipping extension 'colcon_notification.desktop_notification.win32': Not used on non-Windows systems
[38.606s] INFO:colcon.colcon_notification.desktop_notification:Sending desktop notification using 'notify2'
[38.623s] DEBUG:colcon.colcon_notification.desktop_notification.notify2:Failed to initialize notify2: org.freedesktop.DBus.Error.ServiceUnknown: The name org.freedesktop.Notifications was not provided by any .service files
[38.624s] DEBUG:colcon.colcon_core.event_reactor:joined thread
[38.629s] INFO:colcon.colcon_core.shell:Creating prefix script '/sim_ws/src/lidar_processing/install/local_setup.ps1'
[38.631s] INFO:colcon.colcon_core.shell:Creating prefix util module '/sim_ws/src/lidar_processing/install/_local_setup_util_ps1.py'
[38.634s] INFO:colcon.colcon_core.shell:Creating prefix chain script '/sim_ws/src/lidar_processing/install/setup.ps1'
[38.661s] INFO:colcon.colcon_core.shell:Creating prefix script '/sim_ws/src/lidar_processing/install/local_setup.sh'
[38.662s] INFO:colcon.colcon_core.shell:Creating prefix util module '/sim_ws/src/lidar_processing/install/_local_setup_util_sh.py'
[38.663s] INFO:colcon.colcon_core.shell:Creating prefix chain script '/sim_ws/src/lidar_processing/install/setup.sh'
[38.690s] INFO:colcon.colcon_core.shell:Creating prefix script '/sim_ws/src/lidar_processing/install/local_setup.bash'
[38.691s] INFO:colcon.colcon_core.shell:Creating prefix chain script '/sim_ws/src/lidar_processing/install/setup.bash'
[38.718s] INFO:colcon.colcon_core.shell:Creating prefix script '/sim_ws/src/lidar_processing/install/local_setup.zsh'
[38.720s] INFO:colcon.colcon_core.shell:Creating prefix chain script '/sim_ws/src/lidar_processing/install/setup.zsh'
