[0.094s] Invoking command in '/sim_ws/src/lidar_processing/build/lidar_processing': CMAKE_PREFIX_PATH=${CMAKE_PREFIX_PATH}:/sim_ws/install/py_wallfollow:/sim_ws/install/gt_follow_gap:/sim_ws/install/f1tenth_gym_ros:/sim_ws/install/drift_detector:/opt/ros/foxy /usr/bin/cmake --build /sim_ws/src/lidar_processing/build/lidar_processing -- -j12 -l12
[0.362s] [ 50%] Built target bounding_box
[0.511s] [100%] Built target scan_to_cloud
[0.554s] Invoked command in '/sim_ws/src/lidar_processing/build/lidar_processing' returned '0': CMAKE_PREFIX_PATH=${CMAKE_PREFIX_PATH}:/sim_ws/install/py_wallfollow:/sim_ws/install/gt_follow_gap:/sim_ws/install/f1tenth_gym_ros:/sim_ws/install/drift_detector:/opt/ros/foxy /usr/bin/cmake --build /sim_ws/src/lidar_processing/build/lidar_processing -- -j12 -l12
[0.696s] Invoking command in '/sim_ws/src/lidar_processing/build/lidar_processing': CMAKE_PREFIX_PATH=${CMAKE_PREFIX_PATH}:/sim_ws/install/py_wallfollow:/sim_ws/install/gt_follow_gap:/sim_ws/install/f1tenth_gym_ros:/sim_ws/install/drift_detector:/opt/ros/foxy /usr/bin/cmake --install /sim_ws/src/lidar_processing/build/lidar_processing
[0.721s] -- Install configuration: ""
[0.722s] -- Up-to-date: /sim_ws/src/lidar_processing/install/lidar_processing/share/lidar_processing/environment/pythonpath.sh
[0.722s] -- Up-to-date: /sim_ws/src/lidar_processing/install/lidar_processing/share/lidar_processing/environment/pythonpath.dsv
[0.722s] -- Up-to-date: /sim_ws/src/lidar_processing/install/lidar_processing/lib/python3.8/site-packages/lidar_processing
[0.722s] -- Up-to-date: /sim_ws/src/lidar_processing/install/lidar_processing/lib/python3.8/site-packages/lidar_processing/__init__.py
[0.800s] Listing '/sim_ws/src/lidar_processing/install/lidar_processing/lib/python3.8/site-packages/lidar_processing'...
[0.813s] -- Up-to-date: /sim_ws/src/lidar_processing/install/lidar_processing/lib/lidar_processing/scan_to_cloud
[0.814s] -- Up-to-date: /sim_ws/src/lidar_processing/install/lidar_processing/lib/lidar_processing/bounding_box
[0.816s] -- Installing: /sim_ws/src/lidar_processing/install/lidar_processing/lib/lidar_processing/imm_filterpy.py
[0.817s] -- Up-to-date: /sim_ws/src/lidar_processing/install/lidar_processing/lib/lidar_processing/interceptor.py
[0.818s] -- Up-to-date: /sim_ws/src/lidar_processing/install/lidar_processing/lib/lidar_processing/clustering.py
[0.819s] -- Up-to-date: /sim_ws/src/lidar_processing/install/lidar_processing/lib/lidar_processing/global_raceline_publisher.py
[0.819s] -- Up-to-date: /sim_ws/src/lidar_processing/install/lidar_processing/lib/lidar_processing/walls_gen.py
[0.819s] -- Up-to-date: /sim_ws/src/lidar_processing/install/lidar_processing/share/lidar_processing/launch
[0.819s] -- Up-to-date: /sim_ws/src/lidar_processing/install/lidar_processing/share/lidar_processing/launch/launch_lidar_processing.py
[0.820s] -- Up-to-date: /sim_ws/src/lidar_processing/install/lidar_processing/share/ament_index/resource_index/package_run_dependencies/lidar_processing
[0.820s] -- Up-to-date: /sim_ws/src/lidar_processing/install/lidar_processing/share/ament_index/resource_index/parent_prefix_path/lidar_processing
[0.821s] -- Up-to-date: /sim_ws/src/lidar_processing/install/lidar_processing/share/lidar_processing/environment/ament_prefix_path.sh
[0.821s] -- Up-to-date: /sim_ws/src/lidar_processing/install/lidar_processing/share/lidar_processing/environment/ament_prefix_path.dsv
[0.822s] -- Up-to-date: /sim_ws/src/lidar_processing/install/lidar_processing/share/lidar_processing/environment/path.sh
[0.822s] -- Up-to-date: /sim_ws/src/lidar_processing/install/lidar_processing/share/lidar_processing/environment/path.dsv
[0.823s] -- Up-to-date: /sim_ws/src/lidar_processing/install/lidar_processing/share/lidar_processing/local_setup.bash
[0.824s] -- Up-to-date: /sim_ws/src/lidar_processing/install/lidar_processing/share/lidar_processing/local_setup.sh
[0.826s] -- Up-to-date: /sim_ws/src/lidar_processing/install/lidar_processing/share/lidar_processing/local_setup.zsh
[0.841s] -- Up-to-date: /sim_ws/src/lidar_processing/install/lidar_processing/share/lidar_processing/local_setup.dsv
[0.844s] -- Installing: /sim_ws/src/lidar_processing/install/lidar_processing/share/lidar_processing/package.dsv
[0.845s] -- Up-to-date: /sim_ws/src/lidar_processing/install/lidar_processing/share/ament_index/resource_index/packages/lidar_processing
[0.845s] -- Up-to-date: /sim_ws/src/lidar_processing/install/lidar_processing/share/lidar_processing/cmake/lidar_processingConfig.cmake
[0.845s] -- Up-to-date: /sim_ws/src/lidar_processing/install/lidar_processing/share/lidar_processing/cmake/lidar_processingConfig-version.cmake
[0.845s] -- Up-to-date: /sim_ws/src/lidar_processing/install/lidar_processing/share/lidar_processing/package.xml
[0.846s] Invoked command in '/sim_ws/src/lidar_processing/build/lidar_processing' returned '0': CMAKE_PREFIX_PATH=${CMAKE_PREFIX_PATH}:/sim_ws/install/py_wallfollow:/sim_ws/install/gt_follow_gap:/sim_ws/install/f1tenth_gym_ros:/sim_ws/install/drift_detector:/opt/ros/foxy /usr/bin/cmake --install /sim_ws/src/lidar_processing/build/lidar_processing
