[0.014s] Invoking command in '/sim_ws/src/lidar_processing/build/lidar_processing': /usr/bin/cmake /sim_ws/src/lidar_processing -DCMAKE_INSTALL_PREFIX=/sim_ws/src/lidar_processing/install/lidar_processing
[0.033s] CMake Error at CMakeLists.txt:21 (find_package):
[0.034s]   By not providing "Findament_cmake.cmake" in CMAKE_MODULE_PATH this project
[0.034s]   has asked CMake to find a package configuration file provided by
[0.034s]   "ament_cmake", but CMake did not find one.
[0.034s] 
[0.034s]   Could not find a package configuration file provided by "ament_cmake" with
[0.034s]   any of the following names:
[0.034s] 
[0.034s]     ament_cmakeConfig.cmake
[0.034s]     ament_cmake-config.cmake
[0.034s] 
[0.034s]   Add the installation prefix of "ament_cmake" to CMAKE_PREFIX_PATH or set
[0.034s]   "ament_cmake_DIR" to a directory containing one of the above files.  If
[0.034s]   "ament_cmake" provides a separate development package or SDK, be sure it
[0.034s]   has been installed.
[0.035s] 
[0.035s] 
[0.035s] -- Configuring incomplete, errors occurred!
[0.035s] See also "/sim_ws/src/lidar_processing/build/lidar_processing/CMakeFiles/CMakeOutput.log".
[0.038s] Invoked command in '/sim_ws/src/lidar_processing/build/lidar_processing' returned '1': /usr/bin/cmake /sim_ws/src/lidar_processing -DCMAKE_INSTALL_PREFIX=/sim_ws/src/lidar_processing/install/lidar_processing
