[35m[1mScanning dependencies of target clustering[0m
[ 75%] [32mBuilding CXX object CMakeFiles/clustering.dir/src/clustering.cpp.o[0m
[ 75%] Built target scan_to_cloud_node
[100%] [32m[1mLinking CXX executable clustering[0m
[100%] Built target clustering
-- Install configuration: ""
-- Up-to-date: /sim_ws/src/lidar_processing/install/lidar_processing/lib/lidar_processing/scan_to_cloud_node
-- Installing: /sim_ws/src/lidar_processing/install/lidar_processing/lib/lidar_processing/clustering
-- Up-to-date: /sim_ws/src/lidar_processing/install/lidar_processing/share/ament_index/resource_index/package_run_dependencies/lidar_processing
-- Up-to-date: /sim_ws/src/lidar_processing/install/lidar_processing/share/ament_index/resource_index/parent_prefix_path/lidar_processing
-- Up-to-date: /sim_ws/src/lidar_processing/install/lidar_processing/share/lidar_processing/environment/ament_prefix_path.sh
-- Up-to-date: /sim_ws/src/lidar_processing/install/lidar_processing/share/lidar_processing/environment/ament_prefix_path.dsv
-- Up-to-date: /sim_ws/src/lidar_processing/install/lidar_processing/share/lidar_processing/environment/path.sh
-- Up-to-date: /sim_ws/src/lidar_processing/install/lidar_processing/share/lidar_processing/environment/path.dsv
-- Up-to-date: /sim_ws/src/lidar_processing/install/lidar_processing/share/lidar_processing/local_setup.bash
-- Up-to-date: /sim_ws/src/lidar_processing/install/lidar_processing/share/lidar_processing/local_setup.sh
-- Up-to-date: /sim_ws/src/lidar_processing/install/lidar_processing/share/lidar_processing/local_setup.zsh
-- Up-to-date: /sim_ws/src/lidar_processing/install/lidar_processing/share/lidar_processing/local_setup.dsv
-- Installing: /sim_ws/src/lidar_processing/install/lidar_processing/share/lidar_processing/package.dsv
-- Up-to-date: /sim_ws/src/lidar_processing/install/lidar_processing/share/ament_index/resource_index/packages/lidar_processing
-- Up-to-date: /sim_ws/src/lidar_processing/install/lidar_processing/share/lidar_processing/cmake/lidar_processingConfig.cmake
-- Up-to-date: /sim_ws/src/lidar_processing/install/lidar_processing/share/lidar_processing/cmake/lidar_processingConfig-version.cmake
-- Up-to-date: /sim_ws/src/lidar_processing/install/lidar_processing/share/lidar_processing/package.xml
