In file included from [01m[K/usr/include/pcl-1.10/pcl/octree/octree_base.h:45[m[K,
                 from [01m[K/usr/include/pcl-1.10/pcl/octree/octree_pointcloud.h:41[m[K,
                 from [01m[K/usr/include/pcl-1.10/pcl/octree/octree_search.h:43[m[K,
                 from [01m[K/usr/include/pcl-1.10/pcl/search/octree.h:42[m[K,
                 from [01m[K/usr/include/pcl-1.10/pcl/search/pcl_search.h:44[m[K,
                 from [01m[K/usr/include/pcl-1.10/pcl/segmentation/extract_clusters.h:44[m[K,
                 from [01m[K/sim_ws/src/lidar_processing/src/clustering.cpp:4[m[K:
[01m[K/usr/include/pcl-1.10/pcl/octree/octree_key.h:155:9:[m[K [01;35m[Kwarning: [m[KISO C++ prohibits anonymous structs [[01;35m[K-Wpedantic[m[K]
  155 |         [01;35m[K}[m[K;
      |         [01;35m[K^[m[K
/usr/bin/ld: CMakeFiles/clustering.dir/src/clustering.cpp.o: in function `main':
clustering.cpp:(.text+0x62): undefined reference to `pcl::search::KdTree<pcl::PointXYZ, pcl::KdTreeFLANN<pcl::PointXYZ, flann::L2_Simple<float> > >::KdTree(bool)'
/usr/bin/ld: clustering.cpp:(.text+0x1aa): undefined reference to `pcl::PCLBase<pcl::PointXYZ>::setInputCloud(boost::shared_ptr<pcl::PointCloud<pcl::PointXYZ> const> const&)'
/usr/bin/ld: clustering.cpp:(.text+0x1cf): undefined reference to `pcl::EuclideanClusterExtraction<pcl::PointXYZ>::extract(std::vector<pcl::PointIndices, std::allocator<pcl::PointIndices> >&)'
/usr/bin/ld: CMakeFiles/clustering.dir/src/clustering.cpp.o: in function `pcl::EuclideanClusterExtraction<pcl::PointXYZ>::EuclideanClusterExtraction()':
clustering.cpp:(.text._ZN3pcl26EuclideanClusterExtractionINS_8PointXYZEEC2Ev[_ZN3pcl26EuclideanClusterExtractionINS_8PointXYZEEC5Ev]+0x18): undefined reference to `pcl::PCLBase<pcl::PointXYZ>::PCLBase()'
/usr/bin/ld: CMakeFiles/clustering.dir/src/clustering.cpp.o:(.data.rel.ro._ZTVN3pcl26EuclideanClusterExtractionINS_8PointXYZEEE[_ZTVN3pcl26EuclideanClusterExtractionINS_8PointXYZEEE]+0x20): undefined reference to `pcl::PCLBase<pcl::PointXYZ>::setInputCloud(boost::shared_ptr<pcl::PointCloud<pcl::PointXYZ> const> const&)'
/usr/bin/ld: CMakeFiles/clustering.dir/src/clustering.cpp.o:(.data.rel.ro._ZTVN3pcl26EuclideanClusterExtractionINS_8PointXYZEEE[_ZTVN3pcl26EuclideanClusterExtractionINS_8PointXYZEEE]+0x28): undefined reference to `pcl::PCLBase<pcl::PointXYZ>::setIndices(boost::shared_ptr<std::vector<int, std::allocator<int> > > const&)'
/usr/bin/ld: CMakeFiles/clustering.dir/src/clustering.cpp.o:(.data.rel.ro._ZTVN3pcl26EuclideanClusterExtractionINS_8PointXYZEEE[_ZTVN3pcl26EuclideanClusterExtractionINS_8PointXYZEEE]+0x30): undefined reference to `pcl::PCLBase<pcl::PointXYZ>::setIndices(boost::shared_ptr<std::vector<int, std::allocator<int> > const> const&)'
/usr/bin/ld: CMakeFiles/clustering.dir/src/clustering.cpp.o:(.data.rel.ro._ZTVN3pcl26EuclideanClusterExtractionINS_8PointXYZEEE[_ZTVN3pcl26EuclideanClusterExtractionINS_8PointXYZEEE]+0x38): undefined reference to `pcl::PCLBase<pcl::PointXYZ>::setIndices(boost::shared_ptr<pcl::PointIndices const> const&)'
/usr/bin/ld: CMakeFiles/clustering.dir/src/clustering.cpp.o:(.data.rel.ro._ZTVN3pcl26EuclideanClusterExtractionINS_8PointXYZEEE[_ZTVN3pcl26EuclideanClusterExtractionINS_8PointXYZEEE]+0x40): undefined reference to `pcl::PCLBase<pcl::PointXYZ>::setIndices(unsigned long, unsigned long, unsigned long, unsigned long)'
/usr/bin/ld: CMakeFiles/clustering.dir/src/clustering.cpp.o:(.data.rel.ro._ZTVN3pcl7PCLBaseINS_8PointXYZEEE[_ZTVN3pcl7PCLBaseINS_8PointXYZEEE]+0x20): undefined reference to `pcl::PCLBase<pcl::PointXYZ>::setInputCloud(boost::shared_ptr<pcl::PointCloud<pcl::PointXYZ> const> const&)'
/usr/bin/ld: CMakeFiles/clustering.dir/src/clustering.cpp.o:(.data.rel.ro._ZTVN3pcl7PCLBaseINS_8PointXYZEEE[_ZTVN3pcl7PCLBaseINS_8PointXYZEEE]+0x28): undefined reference to `pcl::PCLBase<pcl::PointXYZ>::setIndices(boost::shared_ptr<std::vector<int, std::allocator<int> > > const&)'
/usr/bin/ld: CMakeFiles/clustering.dir/src/clustering.cpp.o:(.data.rel.ro._ZTVN3pcl7PCLBaseINS_8PointXYZEEE[_ZTVN3pcl7PCLBaseINS_8PointXYZEEE]+0x30): undefined reference to `pcl::PCLBase<pcl::PointXYZ>::setIndices(boost::shared_ptr<std::vector<int, std::allocator<int> > const> const&)'
/usr/bin/ld: CMakeFiles/clustering.dir/src/clustering.cpp.o:(.data.rel.ro._ZTVN3pcl7PCLBaseINS_8PointXYZEEE[_ZTVN3pcl7PCLBaseINS_8PointXYZEEE]+0x38): undefined reference to `pcl::PCLBase<pcl::PointXYZ>::setIndices(boost::shared_ptr<pcl::PointIndices const> const&)'
/usr/bin/ld: CMakeFiles/clustering.dir/src/clustering.cpp.o:(.data.rel.ro._ZTVN3pcl7PCLBaseINS_8PointXYZEEE[_ZTVN3pcl7PCLBaseINS_8PointXYZEEE]+0x40): undefined reference to `pcl::PCLBase<pcl::PointXYZ>::setIndices(unsigned long, unsigned long, unsigned long, unsigned long)'
collect2: error: ld returned 1 exit status
make[2]: *** [CMakeFiles/clustering.dir/build.make:84: clustering] Error 1
make[1]: *** [CMakeFiles/Makefile2:80: CMakeFiles/clustering.dir/all] Error 2
make: *** [Makefile:141: all] Error 2
