-- The C compiler identification is GNU 9.4.0
-- The CXX compiler identification is GNU 9.4.0
-- Check for working C compiler: /usr/bin/cc
-- Check for working C compiler: /usr/bin/cc -- works
-- Detecting C compiler ABI info
-- Detecting C compiler ABI info - done
-- Detecting C compile features
-- Detecting C compile features - done
-- Check for working CXX compiler: /usr/bin/c++
-- Check for working CXX compiler: /usr/bin/c++ -- works
-- Detecting CXX compiler ABI info
-- Detecting CXX compiler ABI info - done
-- Detecting CXX compile features
-- Detecting CXX compile features - done
-- Found ament_cmake: 0.9.12 (/opt/ros/foxy/share/ament_cmake/cmake)
-- Found PythonInterp: /usr/bin/python3 (found suitable version "3.8.10", minimum required is "3") 
-- Using PYTHON_EXECUTABLE: /usr/bin/python3
-- Found rclcpp: 2.4.3 (/opt/ros/foxy/share/rclcpp/cmake)
-- Using all available rosidl_typesupport_c: rosidl_typesupport_fastrtps_c;rosidl_typesupport_introspection_c
-- Found rosidl_adapter: 1.3.1 (/opt/ros/foxy/share/rosidl_adapter/cmake)
-- Found OpenSSL: /usr/lib/x86_64-linux-gnu/libcrypto.so (found version "1.1.1f")  
-- Found FastRTPS: /opt/ros/foxy/include  
-- Using all available rosidl_typesupport_cpp: rosidl_typesupport_fastrtps_cpp;rosidl_typesupport_introspection_cpp
-- Found rmw_implementation_cmake: 1.0.4 (/opt/ros/foxy/share/rmw_implementation_cmake/cmake)
-- Using RMW implementation 'rmw_fastrtps_cpp' as default
-- Looking for pthread.h
-- Looking for pthread.h - found
-- Performing Test CMAKE_HAVE_LIBC_PTHREAD
-- Performing Test CMAKE_HAVE_LIBC_PTHREAD - Failed
-- Looking for pthread_create in pthreads
-- Looking for pthread_create in pthreads - not found
-- Looking for pthread_create in pthread
-- Looking for pthread_create in pthread - found
-- Found Threads: TRUE  
-- Found laser_geometry: 2.2.0 (/opt/ros/foxy/share/laser_geometry/cmake)
-- Found sensor_msgs: 2.0.5 (/opt/ros/foxy/share/sensor_msgs/cmake)
-- Found tf2: 0.13.14 (/opt/ros/foxy/share/tf2/cmake)
-- Found tf2_ros: 0.13.14 (/opt/ros/foxy/share/tf2_ros/cmake)
-- Found pcl_ros: 2.2.1 (/opt/ros/foxy/share/pcl_ros/cmake)
-- Found Eigen3: TRUE (found version "3.3.7") 
-- Checking for module 'eigen3'
--   Found eigen3, version 3.3.7
-- Found Eigen: /usr/include/eigen3 (Required is at least version "3.1") 
-- Eigen found (include: /usr/include/eigen3, version: 3.3.7)
-- Checking for module 'flann'
--   Found flann, version 1.9.1
-- Found FLANN: /usr/lib/x86_64-linux-gnu/libflann_cpp.so  
-- The imported target "vtkParseOGLExt" references the file
   "/usr/bin/vtkParseOGLExt-7.1"
but this file does not exist.  Possible reasons include:
* The file was deleted, renamed, or moved to another location.
* An install or uninstall procedure did not complete successfully.
* The installation package was faulty and contained
   "/usr/lib/cmake/vtk-7.1/VTKTargets.cmake"
but not all the files it references.

-- The imported target "vtkRenderingPythonTkWidgets" references the file
   "/usr/lib/x86_64-linux-gnu/libvtkRenderingPythonTkWidgets.so"
but this file does not exist.  Possible reasons include:
* The file was deleted, renamed, or moved to another location.
* An install or uninstall procedure did not complete successfully.
* The installation package was faulty and contained
   "/usr/lib/cmake/vtk-7.1/VTKTargets.cmake"
but not all the files it references.

-- The imported target "vtk" references the file
   "/usr/bin/vtk"
but this file does not exist.  Possible reasons include:
* The file was deleted, renamed, or moved to another location.
* An install or uninstall procedure did not complete successfully.
* The installation package was faulty and contained
   "/usr/lib/cmake/vtk-7.1/VTKTargets.cmake"
but not all the files it references.

-- The imported target "pvtk" references the file
   "/usr/bin/pvtk"
but this file does not exist.  Possible reasons include:
* The file was deleted, renamed, or moved to another location.
* An install or uninstall procedure did not complete successfully.
* The installation package was faulty and contained
   "/usr/lib/cmake/vtk-7.1/VTKTargets.cmake"
but not all the files it references.

-- Checking for module 'libusb-1.0'
--   No package 'libusb-1.0' found
-- Could NOT find USB_10 (missing: USB_10_LIBRARY USB_10_INCLUDE_DIR) 
-- OpenNI disabled because libusb-1.0 not found.
-- Checking for module 'libusb-1.0'
--   No package 'libusb-1.0' found
-- Could NOT find USB_10 (missing: USB_10_LIBRARY USB_10_INCLUDE_DIR) 
-- OpenNI 2 disabled because libusb-1.0 not found.
-- LIBUSB_1_LIBRARY (missing: LIBUSB_1_INCLUDE_DIR) 
-- Checking for module 'libusb-1.0'
--   No package 'libusb-1.0' found
-- Could NOT find USB_10 (missing: USB_10_LIBRARY USB_10_INCLUDE_DIR) 
-- OpenNI disabled because libusb-1.0 not found.
-- Checking for module 'libusb-1.0'
--   No package 'libusb-1.0' found
-- Could NOT find USB_10 (missing: USB_10_LIBRARY USB_10_INCLUDE_DIR) 
-- OpenNI 2 disabled because libusb-1.0 not found.
-- Found Qhull: optimized;/usr/lib/x86_64-linux-gnu/libqhull.so;debug;/usr/lib/x86_64-linux-gnu/libqhull.so  
-- QHULL found (include: /usr/include, lib: optimized;/usr/lib/x86_64-linux-gnu/libqhull.so;debug;/usr/lib/x86_64-linux-gnu/libqhull.so)
-- Checking for module 'libusb-1.0'
--   No package 'libusb-1.0' found
-- Could NOT find USB_10 (missing: USB_10_LIBRARY USB_10_INCLUDE_DIR) 
-- OpenNI disabled because libusb-1.0 not found.
-- Found PCL_COMMON: /usr/lib/x86_64-linux-gnu/libpcl_common.so  
-- Found PCL_KDTREE: /usr/lib/x86_64-linux-gnu/libpcl_kdtree.so  
-- Found PCL_OCTREE: /usr/lib/x86_64-linux-gnu/libpcl_octree.so  
-- Found PCL_SEARCH: /usr/lib/x86_64-linux-gnu/libpcl_search.so  
-- Found PCL_SAMPLE_CONSENSUS: /usr/lib/x86_64-linux-gnu/libpcl_sample_consensus.so  
-- Found PCL_FILTERS: /usr/lib/x86_64-linux-gnu/libpcl_filters.so  
-- Found PCL_2D: /usr/include/pcl-1.10  
-- Found PCL_GEOMETRY: /usr/include/pcl-1.10  
-- Found PCL_IO: /usr/lib/x86_64-linux-gnu/libpcl_io.so  
-- Found PCL_FEATURES: /usr/lib/x86_64-linux-gnu/libpcl_features.so  
-- Found PCL_ML: /usr/lib/x86_64-linux-gnu/libpcl_ml.so  
-- Found PCL_SEGMENTATION: /usr/lib/x86_64-linux-gnu/libpcl_segmentation.so  
-- Found PCL_VISUALIZATION: /usr/lib/x86_64-linux-gnu/libpcl_visualization.so  
-- Found PCL_SURFACE: /usr/lib/x86_64-linux-gnu/libpcl_surface.so  
-- Found PCL_REGISTRATION: /usr/lib/x86_64-linux-gnu/libpcl_registration.so  
-- Found PCL_KEYPOINTS: /usr/lib/x86_64-linux-gnu/libpcl_keypoints.so  
-- Found PCL_TRACKING: /usr/lib/x86_64-linux-gnu/libpcl_tracking.so  
-- Found PCL_RECOGNITION: /usr/lib/x86_64-linux-gnu/libpcl_recognition.so  
-- Found PCL_STEREO: /usr/lib/x86_64-linux-gnu/libpcl_stereo.so  
-- Found PCL_APPS: /usr/lib/x86_64-linux-gnu/libpcl_apps.so  
-- Found PCL_IN_HAND_SCANNER: /usr/include/pcl-1.10  
-- Found PCL_POINT_CLOUD_EDITOR: /usr/include/pcl-1.10  
-- Found PCL_OUTOFCORE: /usr/lib/x86_64-linux-gnu/libpcl_outofcore.so  
-- Found PCL_PEOPLE: /usr/lib/x86_64-linux-gnu/libpcl_people.so  
-- Found ament_lint_auto: 0.9.8 (/opt/ros/foxy/share/ament_lint_auto/cmake)
-- Added test 'copyright' to check source files copyright and LICENSE
-- Added test 'cppcheck' to perform static code analysis on C / C++ code
-- Configured cppcheck include dirs: 
-- Configured cppcheck exclude dirs and/or files: 
-- Added test 'cpplint' to check C / C++ code against the Google style
-- Configured cpplint exclude dirs and/or files: 
-- Added test 'lint_cmake' to check CMake code style
-- Added test 'uncrustify' to check C / C++ code style
-- Configured uncrustify additional arguments: 
-- Added test 'xmllint' to check XML markup files
-- Configuring done
-- Generating done
-- Build files have been written to: /sim_ws/src/lidar_processing/build/lidar_processing
[35m[1mScanning dependencies of target clustering[0m
[35m[1mScanning dependencies of target scan_to_cloud_node[0m
[ 25%] [32mBuilding CXX object CMakeFiles/scan_to_cloud_node.dir/src/scan_to_cloud.cpp.o[0m
[ 50%] [32mBuilding CXX object CMakeFiles/clustering.dir/src/clustering.cpp.o[0m
In file included from [01m[K/usr/include/pcl-1.10/pcl/octree/octree_base.h:45[m[K,
                 from [01m[K/usr/include/pcl-1.10/pcl/octree/octree_pointcloud.h:41[m[K,
                 from [01m[K/usr/include/pcl-1.10/pcl/octree/octree_search.h:43[m[K,
                 from [01m[K/usr/include/pcl-1.10/pcl/search/octree.h:42[m[K,
                 from [01m[K/usr/include/pcl-1.10/pcl/search/pcl_search.h:44[m[K,
                 from [01m[K/usr/include/pcl-1.10/pcl/segmentation/extract_clusters.h:44[m[K,
                 from [01m[K/sim_ws/src/lidar_processing/src/clustering.cpp:4[m[K:
[01m[K/usr/include/pcl-1.10/pcl/octree/octree_key.h:155:9:[m[K [01;35m[Kwarning: [m[KISO C++ prohibits anonymous structs [[01;35m[K-Wpedantic[m[K]
  155 |         [01;35m[K}[m[K;
      |         [01;35m[K^[m[K
[ 75%] [32m[1mLinking CXX executable scan_to_cloud_node[0m
[ 75%] Built target scan_to_cloud_node
[100%] [32m[1mLinking CXX executable clustering[0m
/usr/bin/ld: CMakeFiles/clustering.dir/src/clustering.cpp.o: in function `main':
clustering.cpp:(.text+0x62): undefined reference to `pcl::search::KdTree<pcl::PointXYZ, pcl::KdTreeFLANN<pcl::PointXYZ, flann::L2_Simple<float> > >::KdTree(bool)'
/usr/bin/ld: clustering.cpp:(.text+0x1aa): undefined reference to `pcl::PCLBase<pcl::PointXYZ>::setInputCloud(boost::shared_ptr<pcl::PointCloud<pcl::PointXYZ> const> const&)'
/usr/bin/ld: clustering.cpp:(.text+0x1cf): undefined reference to `pcl::EuclideanClusterExtraction<pcl::PointXYZ>::extract(std::vector<pcl::PointIndices, std::allocator<pcl::PointIndices> >&)'
/usr/bin/ld: CMakeFiles/clustering.dir/src/clustering.cpp.o: in function `pcl::EuclideanClusterExtraction<pcl::PointXYZ>::EuclideanClusterExtraction()':
clustering.cpp:(.text._ZN3pcl26EuclideanClusterExtractionINS_8PointXYZEEC2Ev[_ZN3pcl26EuclideanClusterExtractionINS_8PointXYZEEC5Ev]+0x18): undefined reference to `pcl::PCLBase<pcl::PointXYZ>::PCLBase()'
/usr/bin/ld: CMakeFiles/clustering.dir/src/clustering.cpp.o:(.data.rel.ro._ZTVN3pcl26EuclideanClusterExtractionINS_8PointXYZEEE[_ZTVN3pcl26EuclideanClusterExtractionINS_8PointXYZEEE]+0x20): undefined reference to `pcl::PCLBase<pcl::PointXYZ>::setInputCloud(boost::shared_ptr<pcl::PointCloud<pcl::PointXYZ> const> const&)'
/usr/bin/ld: CMakeFiles/clustering.dir/src/clustering.cpp.o:(.data.rel.ro._ZTVN3pcl26EuclideanClusterExtractionINS_8PointXYZEEE[_ZTVN3pcl26EuclideanClusterExtractionINS_8PointXYZEEE]+0x28): undefined reference to `pcl::PCLBase<pcl::PointXYZ>::setIndices(boost::shared_ptr<std::vector<int, std::allocator<int> > > const&)'
/usr/bin/ld: CMakeFiles/clustering.dir/src/clustering.cpp.o:(.data.rel.ro._ZTVN3pcl26EuclideanClusterExtractionINS_8PointXYZEEE[_ZTVN3pcl26EuclideanClusterExtractionINS_8PointXYZEEE]+0x30): undefined reference to `pcl::PCLBase<pcl::PointXYZ>::setIndices(boost::shared_ptr<std::vector<int, std::allocator<int> > const> const&)'
/usr/bin/ld: CMakeFiles/clustering.dir/src/clustering.cpp.o:(.data.rel.ro._ZTVN3pcl26EuclideanClusterExtractionINS_8PointXYZEEE[_ZTVN3pcl26EuclideanClusterExtractionINS_8PointXYZEEE]+0x38): undefined reference to `pcl::PCLBase<pcl::PointXYZ>::setIndices(boost::shared_ptr<pcl::PointIndices const> const&)'
/usr/bin/ld: CMakeFiles/clustering.dir/src/clustering.cpp.o:(.data.rel.ro._ZTVN3pcl26EuclideanClusterExtractionINS_8PointXYZEEE[_ZTVN3pcl26EuclideanClusterExtractionINS_8PointXYZEEE]+0x40): undefined reference to `pcl::PCLBase<pcl::PointXYZ>::setIndices(unsigned long, unsigned long, unsigned long, unsigned long)'
/usr/bin/ld: CMakeFiles/clustering.dir/src/clustering.cpp.o:(.data.rel.ro._ZTVN3pcl7PCLBaseINS_8PointXYZEEE[_ZTVN3pcl7PCLBaseINS_8PointXYZEEE]+0x20): undefined reference to `pcl::PCLBase<pcl::PointXYZ>::setInputCloud(boost::shared_ptr<pcl::PointCloud<pcl::PointXYZ> const> const&)'
/usr/bin/ld: CMakeFiles/clustering.dir/src/clustering.cpp.o:(.data.rel.ro._ZTVN3pcl7PCLBaseINS_8PointXYZEEE[_ZTVN3pcl7PCLBaseINS_8PointXYZEEE]+0x28): undefined reference to `pcl::PCLBase<pcl::PointXYZ>::setIndices(boost::shared_ptr<std::vector<int, std::allocator<int> > > const&)'
/usr/bin/ld: CMakeFiles/clustering.dir/src/clustering.cpp.o:(.data.rel.ro._ZTVN3pcl7PCLBaseINS_8PointXYZEEE[_ZTVN3pcl7PCLBaseINS_8PointXYZEEE]+0x30): undefined reference to `pcl::PCLBase<pcl::PointXYZ>::setIndices(boost::shared_ptr<std::vector<int, std::allocator<int> > const> const&)'
/usr/bin/ld: CMakeFiles/clustering.dir/src/clustering.cpp.o:(.data.rel.ro._ZTVN3pcl7PCLBaseINS_8PointXYZEEE[_ZTVN3pcl7PCLBaseINS_8PointXYZEEE]+0x38): undefined reference to `pcl::PCLBase<pcl::PointXYZ>::setIndices(boost::shared_ptr<pcl::PointIndices const> const&)'
/usr/bin/ld: CMakeFiles/clustering.dir/src/clustering.cpp.o:(.data.rel.ro._ZTVN3pcl7PCLBaseINS_8PointXYZEEE[_ZTVN3pcl7PCLBaseINS_8PointXYZEEE]+0x40): undefined reference to `pcl::PCLBase<pcl::PointXYZ>::setIndices(unsigned long, unsigned long, unsigned long, unsigned long)'
collect2: error: ld returned 1 exit status
make[2]: *** [CMakeFiles/clustering.dir/build.make:84: clustering] Error 1
make[1]: *** [CMakeFiles/Makefile2:80: CMakeFiles/clustering.dir/all] Error 2
make: *** [Makefile:141: all] Error 2
