[35m[1mScanning dependencies of target clustering[0m
[ 33%] Built target scan_to_cloud
[ 66%] Built target bounding_box
[ 83%] [32mBuilding CXX object CMakeFiles/clustering.dir/src/clustering.cpp.o[0m
[100%] [32m[1mLinking CXX executable clustering[0m
[100%] Built target clustering
-- Install configuration: ""
-- Up-to-date: /sim_ws/src/lidar_processing/install/lidar_processing/share/lidar_processing/environment/pythonpath.sh
-- Up-to-date: /sim_ws/src/lidar_processing/install/lidar_processing/share/lidar_processing/environment/pythonpath.dsv
-- Up-to-date: /sim_ws/src/lidar_processing/install/lidar_processing/lib/python3.8/site-packages/lidar_processing
-- Up-to-date: /sim_ws/src/lidar_processing/install/lidar_processing/lib/python3.8/site-packages/lidar_processing/__init__.py
Listing '/sim_ws/src/lidar_processing/install/lidar_processing/lib/python3.8/site-packages/lidar_processing'...
-- Up-to-date: /sim_ws/src/lidar_processing/install/lidar_processing/lib/lidar_processing/scan_to_cloud
-- Up-to-date: /sim_ws/src/lidar_processing/install/lidar_processing/lib/lidar_processing/bounding_box
-- Installing: /sim_ws/src/lidar_processing/install/lidar_processing/lib/lidar_processing/clustering
-- Set runtime path of "/sim_ws/src/lidar_processing/install/lidar_processing/lib/lidar_processing/clustering" to ""
-- Up-to-date: /sim_ws/src/lidar_processing/install/lidar_processing/lib/lidar_processing/imm_filterpy.py
-- Up-to-date: /sim_ws/src/lidar_processing/install/lidar_processing/share/lidar_processing/launch
-- Up-to-date: /sim_ws/src/lidar_processing/install/lidar_processing/share/lidar_processing/launch/launch_lidar_processing.py
-- Up-to-date: /sim_ws/src/lidar_processing/install/lidar_processing/share/ament_index/resource_index/package_run_dependencies/lidar_processing
-- Up-to-date: /sim_ws/src/lidar_processing/install/lidar_processing/share/ament_index/resource_index/parent_prefix_path/lidar_processing
-- Up-to-date: /sim_ws/src/lidar_processing/install/lidar_processing/share/lidar_processing/environment/ament_prefix_path.sh
-- Up-to-date: /sim_ws/src/lidar_processing/install/lidar_processing/share/lidar_processing/environment/ament_prefix_path.dsv
-- Up-to-date: /sim_ws/src/lidar_processing/install/lidar_processing/share/lidar_processing/environment/path.sh
-- Up-to-date: /sim_ws/src/lidar_processing/install/lidar_processing/share/lidar_processing/environment/path.dsv
-- Up-to-date: /sim_ws/src/lidar_processing/install/lidar_processing/share/lidar_processing/local_setup.bash
-- Up-to-date: /sim_ws/src/lidar_processing/install/lidar_processing/share/lidar_processing/local_setup.sh
-- Up-to-date: /sim_ws/src/lidar_processing/install/lidar_processing/share/lidar_processing/local_setup.zsh
-- Up-to-date: /sim_ws/src/lidar_processing/install/lidar_processing/share/lidar_processing/local_setup.dsv
-- Installing: /sim_ws/src/lidar_processing/install/lidar_processing/share/lidar_processing/package.dsv
-- Up-to-date: /sim_ws/src/lidar_processing/install/lidar_processing/share/ament_index/resource_index/packages/lidar_processing
-- Up-to-date: /sim_ws/src/lidar_processing/install/lidar_processing/share/lidar_processing/cmake/lidar_processingConfig.cmake
-- Up-to-date: /sim_ws/src/lidar_processing/install/lidar_processing/share/lidar_processing/cmake/lidar_processingConfig-version.cmake
-- Up-to-date: /sim_ws/src/lidar_processing/install/lidar_processing/share/lidar_processing/package.xml
