[0.276s] Invoking command in '/sim_ws/src/lidar_processing/build/lidar_processing': CMAKE_PREFIX_PATH=${CMAKE_PREFIX_PATH}:/sim_ws/install/py_wallfollow:/sim_ws/install/gt_follow_gap:/sim_ws/install/f1tenth_gym_ros:/sim_ws/install/drift_detector:/sim_ws/src/f1tenth_gym_ros/install/f1tenth_gym_ros:/opt/ros/foxy /usr/bin/cmake --build /sim_ws/src/lidar_processing/build/lidar_processing -- -j12 -l12
[0.455s] [35m[1mScanning dependencies of target clustering[0m
[0.547s] [ 33%] Built target scan_to_cloud
[0.570s] [ 66%] Built target bounding_box
[0.602s] [ 83%] [32mBuilding CXX object CMakeFiles/clustering.dir/src/clustering.cpp.o[0m
[33.070s] [100%] [32m[1mLinking CXX executable clustering[0m
[35.838s] [100%] Built target clustering
[35.862s] Invoked command in '/sim_ws/src/lidar_processing/build/lidar_processing' returned '0': CMAKE_PREFIX_PATH=${CMAKE_PREFIX_PATH}:/sim_ws/install/py_wallfollow:/sim_ws/install/gt_follow_gap:/sim_ws/install/f1tenth_gym_ros:/sim_ws/install/drift_detector:/sim_ws/src/f1tenth_gym_ros/install/f1tenth_gym_ros:/opt/ros/foxy /usr/bin/cmake --build /sim_ws/src/lidar_processing/build/lidar_processing -- -j12 -l12
[35.957s] Invoking command in '/sim_ws/src/lidar_processing/build/lidar_processing': CMAKE_PREFIX_PATH=${CMAKE_PREFIX_PATH}:/sim_ws/install/py_wallfollow:/sim_ws/install/gt_follow_gap:/sim_ws/install/f1tenth_gym_ros:/sim_ws/install/drift_detector:/sim_ws/src/f1tenth_gym_ros/install/f1tenth_gym_ros:/opt/ros/foxy /usr/bin/cmake --install /sim_ws/src/lidar_processing/build/lidar_processing
[35.969s] -- Install configuration: ""
[35.970s] -- Up-to-date: /sim_ws/src/lidar_processing/install/lidar_processing/share/lidar_processing/environment/pythonpath.sh
[35.970s] -- Up-to-date: /sim_ws/src/lidar_processing/install/lidar_processing/share/lidar_processing/environment/pythonpath.dsv
[35.970s] -- Up-to-date: /sim_ws/src/lidar_processing/install/lidar_processing/lib/python3.8/site-packages/lidar_processing
[35.970s] -- Up-to-date: /sim_ws/src/lidar_processing/install/lidar_processing/lib/python3.8/site-packages/lidar_processing/__init__.py
[36.440s] Listing '/sim_ws/src/lidar_processing/install/lidar_processing/lib/python3.8/site-packages/lidar_processing'...
[36.446s] -- Up-to-date: /sim_ws/src/lidar_processing/install/lidar_processing/lib/lidar_processing/scan_to_cloud
[36.447s] -- Up-to-date: /sim_ws/src/lidar_processing/install/lidar_processing/lib/lidar_processing/bounding_box
[36.447s] -- Installing: /sim_ws/src/lidar_processing/install/lidar_processing/lib/lidar_processing/clustering
[36.453s] -- Set runtime path of "/sim_ws/src/lidar_processing/install/lidar_processing/lib/lidar_processing/clustering" to ""
[36.454s] -- Up-to-date: /sim_ws/src/lidar_processing/install/lidar_processing/lib/lidar_processing/imm_filterpy.py
[36.454s] -- Up-to-date: /sim_ws/src/lidar_processing/install/lidar_processing/share/lidar_processing/launch
[36.455s] -- Up-to-date: /sim_ws/src/lidar_processing/install/lidar_processing/share/lidar_processing/launch/launch_lidar_processing.py
[36.455s] -- Up-to-date: /sim_ws/src/lidar_processing/install/lidar_processing/share/ament_index/resource_index/package_run_dependencies/lidar_processing
[36.455s] -- Up-to-date: /sim_ws/src/lidar_processing/install/lidar_processing/share/ament_index/resource_index/parent_prefix_path/lidar_processing
[36.455s] -- Up-to-date: /sim_ws/src/lidar_processing/install/lidar_processing/share/lidar_processing/environment/ament_prefix_path.sh
[36.455s] -- Up-to-date: /sim_ws/src/lidar_processing/install/lidar_processing/share/lidar_processing/environment/ament_prefix_path.dsv
[36.456s] -- Up-to-date: /sim_ws/src/lidar_processing/install/lidar_processing/share/lidar_processing/environment/path.sh
[36.456s] -- Up-to-date: /sim_ws/src/lidar_processing/install/lidar_processing/share/lidar_processing/environment/path.dsv
[36.456s] -- Up-to-date: /sim_ws/src/lidar_processing/install/lidar_processing/share/lidar_processing/local_setup.bash
[36.456s] -- Up-to-date: /sim_ws/src/lidar_processing/install/lidar_processing/share/lidar_processing/local_setup.sh
[36.456s] -- Up-to-date: /sim_ws/src/lidar_processing/install/lidar_processing/share/lidar_processing/local_setup.zsh
[36.457s] -- Up-to-date: /sim_ws/src/lidar_processing/install/lidar_processing/share/lidar_processing/local_setup.dsv
[36.457s] -- Installing: /sim_ws/src/lidar_processing/install/lidar_processing/share/lidar_processing/package.dsv
[36.457s] -- Up-to-date: /sim_ws/src/lidar_processing/install/lidar_processing/share/ament_index/resource_index/packages/lidar_processing
[36.457s] -- Up-to-date: /sim_ws/src/lidar_processing/install/lidar_processing/share/lidar_processing/cmake/lidar_processingConfig.cmake
[36.457s] -- Up-to-date: /sim_ws/src/lidar_processing/install/lidar_processing/share/lidar_processing/cmake/lidar_processingConfig-version.cmake
[36.458s] -- Up-to-date: /sim_ws/src/lidar_processing/install/lidar_processing/share/lidar_processing/package.xml
[36.464s] Invoked command in '/sim_ws/src/lidar_processing/build/lidar_processing' returned '0': CMAKE_PREFIX_PATH=${CMAKE_PREFIX_PATH}:/sim_ws/install/py_wallfollow:/sim_ws/install/gt_follow_gap:/sim_ws/install/f1tenth_gym_ros:/sim_ws/install/drift_detector:/sim_ws/src/f1tenth_gym_ros/install/f1tenth_gym_ros:/opt/ros/foxy /usr/bin/cmake --install /sim_ws/src/lidar_processing/build/lidar_processing
