[0.456s] DEBUG:colcon:Command line arguments: ['/usr/bin/colcon', 'build', '--packages-up-to', 'lidar_processing']
[0.457s] DEBUG:colcon:Parsed command line arguments: Namespace(ament_cmake_args=None, base_paths=['.'], build_base='build', catkin_cmake_args=None, catkin_skip_building_tests=False, cmake_args=None, cmake_clean_cache=False, cmake_clean_first=False, cmake_force_configure=False, cmake_target=None, cmake_target_skip_unavailable=False, continue_on_error=False, event_handlers=None, executor='parallel', ignore_user_meta=False, install_base='install', log_base=None, log_level=None, main=<bound method BuildVerb.main of <colcon_core.verb.build.BuildVerb object at 0x7ff6a8c8a6a0>>, merge_install=False, metas=['./colcon.meta'], mixin=None, mixin_files=None, mixin_verb=('build',), packages_above=None, packages_above_and_dependencies=None, packages_above_depth=None, packages_end=None, packages_ignore=None, packages_ignore_regex=None, packages_select=None, packages_select_build_failed=False, packages_select_by_dep=None, packages_select_regex=None, packages_select_test_failures=False, packages_skip=None, packages_skip_build_finished=False, packages_skip_by_dep=None, packages_skip_regex=None, packages_skip_test_passed=False, packages_skip_up_to=None, packages_start=None, packages_up_to=['lidar_processing'], packages_up_to_regex=None, parallel_workers=12, paths=None, symlink_install=False, test_result_base=None, verb_extension=<colcon_core.verb.build.BuildVerb object at 0x7ff6a8c8a6a0>, verb_name='build', verb_parser=<colcon_mixin.mixin.mixin_argument.MixinArgumentDecorator object at 0x7ff6a8c8ad00>)
[0.499s] Level 1:colcon.colcon_core.package_discovery:discover_packages(colcon_meta) check parameters
[0.500s] INFO:colcon.colcon_metadata.package_discovery.colcon_meta:Using configuration from '/root/.colcon/metadata/default/Gazebo.meta'
[0.501s] INFO:colcon.colcon_metadata.package_discovery.colcon_meta:Using configuration from '/root/.colcon/metadata/default/fastdds.meta'
[0.501s] INFO:colcon.colcon_metadata.package_discovery.colcon_meta:Using configuration from '/root/.colcon/metadata/default/fastrtps.meta'
[0.502s] Level 1:colcon.colcon_core.package_discovery:discover_packages(recursive) check parameters
[0.502s] Level 1:colcon.colcon_core.package_discovery:discover_packages(ignore) check parameters
[0.502s] Level 1:colcon.colcon_core.package_discovery:discover_packages(path) check parameters
[0.502s] Level 1:colcon.colcon_core.package_discovery:discover_packages(colcon_meta) discover
[0.502s] Level 1:colcon.colcon_core.package_discovery:discover_packages(recursive) discover
[0.502s] INFO:colcon.colcon_core.package_discovery:Crawling recursively for packages in '/sim_ws/src/lidar_processing'
[0.503s] Level 1:colcon.colcon_core.package_identification:_identify(.) by extensions ['ignore', 'ignore_ament_install']
[0.503s] Level 1:colcon.colcon_core.package_identification:_identify(.) by extension 'ignore'
[0.503s] Level 1:colcon.colcon_core.package_identification:_identify(.) by extension 'ignore_ament_install'
[0.503s] Level 1:colcon.colcon_core.package_identification:_identify(.) by extensions ['colcon_pkg']
[0.503s] Level 1:colcon.colcon_core.package_identification:_identify(.) by extension 'colcon_pkg'
[0.503s] Level 1:colcon.colcon_core.package_identification:_identify(.) by extensions ['colcon_meta']
[0.503s] Level 1:colcon.colcon_core.package_identification:_identify(.) by extension 'colcon_meta'
[0.503s] Level 1:colcon.colcon_core.package_identification:_identify(.) by extensions ['ros']
[0.503s] Level 1:colcon.colcon_core.package_identification:_identify(.) by extension 'ros'
[0.534s] DEBUG:colcon.colcon_core.package_identification:Package '.' with type 'ros.ament_cmake' and name 'lidar_processing'
[0.534s] Level 1:colcon.colcon_core.package_discovery:discover_packages(recursive) using defaults
[0.534s] Level 1:colcon.colcon_core.package_discovery:discover_packages(ignore) discover
[0.534s] Level 1:colcon.colcon_core.package_discovery:discover_packages(ignore) using defaults
[0.534s] Level 1:colcon.colcon_core.package_discovery:discover_packages(path) discover
[0.535s] Level 1:colcon.colcon_core.package_discovery:discover_packages(path) using defaults
[0.568s] Level 5:colcon.colcon_core.verb:set package 'lidar_processing' build argument 'cmake_args' from command line to 'None'
[0.568s] Level 5:colcon.colcon_core.verb:set package 'lidar_processing' build argument 'cmake_target' from command line to 'None'
[0.568s] Level 5:colcon.colcon_core.verb:set package 'lidar_processing' build argument 'cmake_target_skip_unavailable' from command line to 'False'
[0.568s] Level 5:colcon.colcon_core.verb:set package 'lidar_processing' build argument 'cmake_clean_cache' from command line to 'False'
[0.569s] Level 5:colcon.colcon_core.verb:set package 'lidar_processing' build argument 'cmake_clean_first' from command line to 'False'
[0.569s] Level 5:colcon.colcon_core.verb:set package 'lidar_processing' build argument 'cmake_force_configure' from command line to 'False'
[0.569s] Level 5:colcon.colcon_core.verb:set package 'lidar_processing' build argument 'ament_cmake_args' from command line to 'None'
[0.569s] Level 5:colcon.colcon_core.verb:set package 'lidar_processing' build argument 'catkin_cmake_args' from command line to 'None'
[0.569s] Level 5:colcon.colcon_core.verb:set package 'lidar_processing' build argument 'catkin_skip_building_tests' from command line to 'False'
[0.569s] DEBUG:colcon.colcon_core.verb:Building package 'lidar_processing' with the following arguments: {'ament_cmake_args': None, 'build_base': '/sim_ws/src/lidar_processing/build/lidar_processing', 'catkin_cmake_args': None, 'catkin_skip_building_tests': False, 'cmake_args': None, 'cmake_clean_cache': False, 'cmake_clean_first': False, 'cmake_force_configure': False, 'cmake_target': None, 'cmake_target_skip_unavailable': False, 'install_base': '/sim_ws/src/lidar_processing/install/lidar_processing', 'merge_install': False, 'path': '/sim_ws/src/lidar_processing', 'symlink_install': False, 'test_result_base': None}
[0.570s] INFO:colcon.colcon_core.executor:Executing jobs using 'parallel' executor
[0.576s] DEBUG:colcon.colcon_parallel_executor.executor.parallel:run_until_complete
[0.577s] INFO:colcon.colcon_ros.task.ament_cmake.build:Building ROS package in '/sim_ws/src/lidar_processing' with build type 'ament_cmake'
[0.579s] INFO:colcon.colcon_cmake.task.cmake.build:Building CMake package in '/sim_ws/src/lidar_processing'
[0.586s] INFO:colcon.colcon_core.plugin_system:Skipping extension 'colcon_core.shell.bat': Not used on non-Windows systems
[0.587s] INFO:colcon.colcon_core.shell:Skip shell extension 'powershell' for command environment: Not usable outside of PowerShell
[0.587s] DEBUG:colcon.colcon_core.shell:Skip shell extension 'dsv' for command environment
[0.621s] DEBUG:colcon.colcon_core.event_handler.log_command:Invoking command in '/sim_ws/src/lidar_processing/build/lidar_processing': CMAKE_PREFIX_PATH=${CMAKE_PREFIX_PATH}:/sim_ws/install/lidar_processing:/opt/ros/foxy:/sim_ws/install/py_wallfollow:/sim_ws/install/gt_follow_gap:/sim_ws/install/f1tenth_gym_ros:/sim_ws/install/drift_detector /usr/bin/cmake --build /sim_ws/src/lidar_processing/build/lidar_processing -- -j12 -l12
[17.420s] DEBUG:colcon.colcon_core.event_handler.log_command:Invoked command in '/sim_ws/src/lidar_processing/build/lidar_processing' returned '0': CMAKE_PREFIX_PATH=${CMAKE_PREFIX_PATH}:/sim_ws/install/lidar_processing:/opt/ros/foxy:/sim_ws/install/py_wallfollow:/sim_ws/install/gt_follow_gap:/sim_ws/install/f1tenth_gym_ros:/sim_ws/install/drift_detector /usr/bin/cmake --build /sim_ws/src/lidar_processing/build/lidar_processing -- -j12 -l12
[17.489s] DEBUG:colcon.colcon_core.event_handler.log_command:Invoking command in '/sim_ws/src/lidar_processing/build/lidar_processing': CMAKE_PREFIX_PATH=${CMAKE_PREFIX_PATH}:/sim_ws/install/lidar_processing:/opt/ros/foxy:/sim_ws/install/py_wallfollow:/sim_ws/install/gt_follow_gap:/sim_ws/install/f1tenth_gym_ros:/sim_ws/install/drift_detector /usr/bin/cmake --install /sim_ws/src/lidar_processing/build/lidar_processing
[17.519s] Level 1:colcon.colcon_core.environment:create_environment_scripts_only(lidar_processing)
[17.520s] DEBUG:colcon.colcon_core.event_handler.log_command:Invoked command in '/sim_ws/src/lidar_processing/build/lidar_processing' returned '0': CMAKE_PREFIX_PATH=${CMAKE_PREFIX_PATH}:/sim_ws/install/lidar_processing:/opt/ros/foxy:/sim_ws/install/py_wallfollow:/sim_ws/install/gt_follow_gap:/sim_ws/install/f1tenth_gym_ros:/sim_ws/install/drift_detector /usr/bin/cmake --install /sim_ws/src/lidar_processing/build/lidar_processing
[17.528s] Level 1:colcon.colcon_core.environment:checking '/sim_ws/src/lidar_processing/install/lidar_processing' for CMake module files
[17.530s] Level 1:colcon.colcon_core.environment:checking '/sim_ws/src/lidar_processing/install/lidar_processing' for CMake config files
[17.530s] Level 1:colcon.colcon_core.shell:create_environment_hook('lidar_processing', 'cmake_prefix_path')
[17.533s] INFO:colcon.colcon_core.shell:Creating environment hook '/sim_ws/src/lidar_processing/install/lidar_processing/share/lidar_processing/hook/cmake_prefix_path.ps1'
[17.534s] INFO:colcon.colcon_core.shell:Creating environment descriptor '/sim_ws/src/lidar_processing/install/lidar_processing/share/lidar_processing/hook/cmake_prefix_path.dsv'
[17.535s] INFO:colcon.colcon_core.shell:Creating environment hook '/sim_ws/src/lidar_processing/install/lidar_processing/share/lidar_processing/hook/cmake_prefix_path.sh'
[17.537s] Level 1:colcon.colcon_core.environment:checking '/sim_ws/src/lidar_processing/install/lidar_processing/lib'
[17.537s] Level 1:colcon.colcon_core.environment:checking '/sim_ws/src/lidar_processing/install/lidar_processing/bin'
[17.537s] Level 1:colcon.colcon_core.environment:checking '/sim_ws/src/lidar_processing/install/lidar_processing/lib/pkgconfig/lidar_processing.pc'
[17.539s] Level 1:colcon.colcon_core.environment:checking '/sim_ws/src/lidar_processing/install/lidar_processing/lib/python3.8/site-packages'
[17.539s] Level 1:colcon.colcon_core.environment:checking '/sim_ws/src/lidar_processing/install/lidar_processing/bin'
[17.541s] INFO:colcon.colcon_core.shell:Creating package script '/sim_ws/src/lidar_processing/install/lidar_processing/share/lidar_processing/package.ps1'
[17.543s] INFO:colcon.colcon_core.shell:Creating package descriptor '/sim_ws/src/lidar_processing/install/lidar_processing/share/lidar_processing/package.dsv'
[17.544s] INFO:colcon.colcon_core.shell:Creating package script '/sim_ws/src/lidar_processing/install/lidar_processing/share/lidar_processing/package.sh'
[17.545s] INFO:colcon.colcon_core.shell:Creating package script '/sim_ws/src/lidar_processing/install/lidar_processing/share/lidar_processing/package.bash'
[17.546s] INFO:colcon.colcon_core.shell:Creating package script '/sim_ws/src/lidar_processing/install/lidar_processing/share/lidar_processing/package.zsh'
[17.547s] Level 1:colcon.colcon_core.environment:create_file_with_runtime_dependencies(/sim_ws/src/lidar_processing/install/lidar_processing/share/colcon-core/packages/lidar_processing)
[17.596s] Level 1:colcon.colcon_core.environment:create_environment_scripts_only(lidar_processing)
[17.600s] Level 1:colcon.colcon_core.environment:checking '/sim_ws/src/lidar_processing/install/lidar_processing' for CMake module files
[17.600s] Level 1:colcon.colcon_core.environment:checking '/sim_ws/src/lidar_processing/install/lidar_processing' for CMake config files
[17.601s] Level 1:colcon.colcon_core.shell:create_environment_hook('lidar_processing', 'cmake_prefix_path')
[17.604s] INFO:colcon.colcon_core.shell:Creating environment hook '/sim_ws/src/lidar_processing/install/lidar_processing/share/lidar_processing/hook/cmake_prefix_path.ps1'
[17.605s] INFO:colcon.colcon_core.shell:Creating environment descriptor '/sim_ws/src/lidar_processing/install/lidar_processing/share/lidar_processing/hook/cmake_prefix_path.dsv'
[17.606s] INFO:colcon.colcon_core.shell:Creating environment hook '/sim_ws/src/lidar_processing/install/lidar_processing/share/lidar_processing/hook/cmake_prefix_path.sh'
[17.607s] Level 1:colcon.colcon_core.environment:checking '/sim_ws/src/lidar_processing/install/lidar_processing/lib'
[17.607s] Level 1:colcon.colcon_core.environment:checking '/sim_ws/src/lidar_processing/install/lidar_processing/bin'
[17.607s] Level 1:colcon.colcon_core.environment:checking '/sim_ws/src/lidar_processing/install/lidar_processing/lib/pkgconfig/lidar_processing.pc'
[17.607s] Level 1:colcon.colcon_core.environment:checking '/sim_ws/src/lidar_processing/install/lidar_processing/lib/python3.8/site-packages'
[17.608s] Level 1:colcon.colcon_core.environment:checking '/sim_ws/src/lidar_processing/install/lidar_processing/bin'
[17.610s] INFO:colcon.colcon_core.shell:Creating package script '/sim_ws/src/lidar_processing/install/lidar_processing/share/lidar_processing/package.ps1'
[17.611s] INFO:colcon.colcon_core.shell:Creating package descriptor '/sim_ws/src/lidar_processing/install/lidar_processing/share/lidar_processing/package.dsv'
[17.612s] INFO:colcon.colcon_core.shell:Creating package script '/sim_ws/src/lidar_processing/install/lidar_processing/share/lidar_processing/package.sh'
[17.613s] INFO:colcon.colcon_core.shell:Creating package script '/sim_ws/src/lidar_processing/install/lidar_processing/share/lidar_processing/package.bash'
[17.614s] INFO:colcon.colcon_core.shell:Creating package script '/sim_ws/src/lidar_processing/install/lidar_processing/share/lidar_processing/package.zsh'
[17.615s] Level 1:colcon.colcon_core.environment:create_file_with_runtime_dependencies(/sim_ws/src/lidar_processing/install/lidar_processing/share/colcon-core/packages/lidar_processing)
[17.616s] DEBUG:colcon.colcon_parallel_executor.executor.parallel:closing loop
[17.616s] DEBUG:colcon.colcon_parallel_executor.executor.parallel:loop closed
[17.617s] DEBUG:colcon.colcon_parallel_executor.executor.parallel:run_until_complete finished with '0'
[17.617s] DEBUG:colcon.colcon_core.event_reactor:joining thread
[17.628s] INFO:colcon.colcon_core.plugin_system:Skipping extension 'colcon_notification.desktop_notification.notify_send': Could not find 'notify-send'
[17.629s] INFO:colcon.colcon_core.plugin_system:Skipping extension 'colcon_notification.desktop_notification.terminal_notifier': Not used on non-Darwin systems
[17.629s] INFO:colcon.colcon_core.plugin_system:Skipping extension 'colcon_notification.desktop_notification.win32': Not used on non-Windows systems
[17.629s] INFO:colcon.colcon_notification.desktop_notification:Sending desktop notification using 'notify2'
[17.638s] DEBUG:colcon.colcon_notification.desktop_notification.notify2:Failed to initialize notify2: org.freedesktop.DBus.Error.ServiceUnknown: The name org.freedesktop.Notifications was not provided by any .service files
[17.639s] DEBUG:colcon.colcon_core.event_reactor:joined thread
[17.642s] INFO:colcon.colcon_core.shell:Creating prefix script '/sim_ws/src/lidar_processing/install/local_setup.ps1'
[17.644s] INFO:colcon.colcon_core.shell:Creating prefix util module '/sim_ws/src/lidar_processing/install/_local_setup_util_ps1.py'
[17.646s] INFO:colcon.colcon_core.shell:Creating prefix chain script '/sim_ws/src/lidar_processing/install/setup.ps1'
[17.648s] INFO:colcon.colcon_core.shell:Creating prefix script '/sim_ws/src/lidar_processing/install/local_setup.sh'
[17.649s] INFO:colcon.colcon_core.shell:Creating prefix util module '/sim_ws/src/lidar_processing/install/_local_setup_util_sh.py'
[17.650s] INFO:colcon.colcon_core.shell:Creating prefix chain script '/sim_ws/src/lidar_processing/install/setup.sh'
[17.653s] INFO:colcon.colcon_core.shell:Creating prefix script '/sim_ws/src/lidar_processing/install/local_setup.bash'
[17.654s] INFO:colcon.colcon_core.shell:Creating prefix chain script '/sim_ws/src/lidar_processing/install/setup.bash'
[17.657s] INFO:colcon.colcon_core.shell:Creating prefix script '/sim_ws/src/lidar_processing/install/local_setup.zsh'
[17.658s] INFO:colcon.colcon_core.shell:Creating prefix chain script '/sim_ws/src/lidar_processing/install/setup.zsh'
