[0.041s] Invoking command in '/sim_ws/src/lidar_processing/build/lidar_processing': CMAKE_PREFIX_PATH=${CMAKE_PREFIX_PATH}:/sim_ws/install/lidar_processing:/opt/ros/foxy:/sim_ws/install/py_wallfollow:/sim_ws/install/gt_follow_gap:/sim_ws/install/f1tenth_gym_ros:/sim_ws/install/drift_detector /usr/bin/cmake --build /sim_ws/src/lidar_processing/build/lidar_processing -- -j12 -l12
[0.076s] -- Found ament_cmake: 0.9.12 (/opt/ros/foxy/share/ament_cmake/cmake)
[0.125s] -- Using PYTHON_EXECUTABLE: /usr/bin/python3
[0.383s] -- Found rclcpp: 2.4.3 (/opt/ros/foxy/share/rclcpp/cmake)
[0.436s] -- Using all available rosidl_typesupport_c: rosidl_typesupport_fastrtps_c;rosidl_typesupport_introspection_c
[0.445s] -- Found rosidl_adapter: 1.3.1 (/opt/ros/foxy/share/rosidl_adapter/cmake)
[0.710s] -- Using all available rosidl_typesupport_cpp: rosidl_typesupport_fastrtps_cpp;rosidl_typesupport_introspection_cpp
[0.772s] -- Found rmw_implementation_cmake: 1.0.4 (/opt/ros/foxy/share/rmw_implementation_cmake/cmake)
[0.775s] -- Using RMW implementation 'rmw_fastrtps_cpp' as default
[1.003s] -- Found laser_geometry: 2.2.0 (/opt/ros/foxy/share/laser_geometry/cmake)
[1.010s] -- Found sensor_msgs: 2.0.5 (/opt/ros/foxy/share/sensor_msgs/cmake)
[1.172s] -- Found tf2: 0.13.14 (/opt/ros/foxy/share/tf2/cmake)
[1.184s] -- Found tf2_ros: 0.13.14 (/opt/ros/foxy/share/tf2_ros/cmake)
[1.668s] -- Found pcl_ros: 2.2.1 (/opt/ros/foxy/share/pcl_ros/cmake)
[2.133s] -- Eigen found (include: /usr/include/eigen3, version: 3.3.7)
[2.266s] -- The imported target "vtkParseOGLExt" references the file
[2.266s]    "/usr/bin/vtkParseOGLExt-7.1"
[2.266s] but this file does not exist.  Possible reasons include:
[2.266s] * The file was deleted, renamed, or moved to another location.
[2.267s] * An install or uninstall procedure did not complete successfully.
[2.267s] * The installation package was faulty and contained
[2.267s]    "/usr/lib/cmake/vtk-7.1/VTKTargets.cmake"
[2.267s] but not all the files it references.
[2.267s] 
[2.270s] -- The imported target "vtkRenderingPythonTkWidgets" references the file
[2.270s]    "/usr/lib/x86_64-linux-gnu/libvtkRenderingPythonTkWidgets.so"
[2.270s] but this file does not exist.  Possible reasons include:
[2.270s] * The file was deleted, renamed, or moved to another location.
[2.270s] * An install or uninstall procedure did not complete successfully.
[2.270s] * The installation package was faulty and contained
[2.270s]    "/usr/lib/cmake/vtk-7.1/VTKTargets.cmake"
[2.270s] but not all the files it references.
[2.270s] 
[2.271s] -- The imported target "vtk" references the file
[2.273s]    "/usr/bin/vtk"
[2.273s] but this file does not exist.  Possible reasons include:
[2.274s] * The file was deleted, renamed, or moved to another location.
[2.274s] * An install or uninstall procedure did not complete successfully.
[2.274s] * The installation package was faulty and contained
[2.274s]    "/usr/lib/cmake/vtk-7.1/VTKTargets.cmake"
[2.274s] but not all the files it references.
[2.274s] 
[2.274s] -- The imported target "pvtk" references the file
[2.274s]    "/usr/bin/pvtk"
[2.274s] but this file does not exist.  Possible reasons include:
[2.274s] * The file was deleted, renamed, or moved to another location.
[2.274s] * An install or uninstall procedure did not complete successfully.
[2.275s] * The installation package was faulty and contained
[2.275s]    "/usr/lib/cmake/vtk-7.1/VTKTargets.cmake"
[2.275s] but not all the files it references.
[2.275s] 
[2.305s] -- Checking for module 'libusb-1.0'
[2.313s] --   No package 'libusb-1.0' found
[2.317s] -- Could NOT find USB_10 (missing: USB_10_LIBRARY USB_10_INCLUDE_DIR) 
[2.317s] -- OpenNI disabled because libusb-1.0 not found.
[2.326s] -- Checking for module 'libusb-1.0'
[2.333s] --   No package 'libusb-1.0' found
[2.337s] -- Could NOT find USB_10 (missing: USB_10_LIBRARY USB_10_INCLUDE_DIR) 
[2.338s] -- OpenNI 2 disabled because libusb-1.0 not found.
[2.361s] -- LIBUSB_1_LIBRARY (missing: LIBUSB_1_INCLUDE_DIR) 
[2.369s] -- Checking for module 'libusb-1.0'
[2.374s] --   No package 'libusb-1.0' found
[2.378s] -- Could NOT find USB_10 (missing: USB_10_LIBRARY USB_10_INCLUDE_DIR) 
[2.378s] -- OpenNI disabled because libusb-1.0 not found.
[2.386s] -- Checking for module 'libusb-1.0'
[2.392s] --   No package 'libusb-1.0' found
[2.395s] -- Could NOT find USB_10 (missing: USB_10_LIBRARY USB_10_INCLUDE_DIR) 
[2.395s] -- OpenNI 2 disabled because libusb-1.0 not found.
[2.415s] -- QHULL found (include: /usr/include, lib: optimized;/usr/lib/x86_64-linux-gnu/libqhull.so;debug;/usr/lib/x86_64-linux-gnu/libqhull.so)
[2.423s] -- Checking for module 'libusb-1.0'
[2.429s] --   No package 'libusb-1.0' found
[2.432s] -- Could NOT find USB_10 (missing: USB_10_LIBRARY USB_10_INCLUDE_DIR) 
[2.432s] -- OpenNI disabled because libusb-1.0 not found.
[2.874s] -- Found ament_lint_auto: 0.9.8 (/opt/ros/foxy/share/ament_lint_auto/cmake)
[3.012s] -- Added test 'copyright' to check source files copyright and LICENSE
[3.022s] -- Added test 'cppcheck' to perform static code analysis on C / C++ code
[3.023s] -- Configured cppcheck include dirs: 
[3.025s] -- Configured cppcheck exclude dirs and/or files: 
[3.036s] -- Added test 'cpplint' to check C / C++ code against the Google style
[3.036s] -- Configured cpplint exclude dirs and/or files: 
[3.039s] -- Added test 'flake8' to check Python code syntax and style conventions
[3.045s] -- Added test 'lint_cmake' to check CMake code style
[3.047s] -- Added test 'pep257' to check Python code against some of the style conventions in PEP 257
[3.060s] -- Added test 'uncrustify' to check C / C++ code style
[3.060s] -- Configured uncrustify additional arguments: 
[3.062s] -- Added test 'xmllint' to check XML markup files
[3.067s] -- Configuring done
[3.145s] -- Generating done
[3.150s] -- Build files have been written to: /sim_ws/src/lidar_processing/build/lidar_processing
[3.216s] [ 25%] [32mBuilding CXX object CMakeFiles/clustering.dir/src/clustering.cpp.o[0m
[3.235s] [ 75%] Built target scan_to_cloud_node
[14.802s] [100%] [32m[1mLinking CXX executable clustering[0m
[16.811s] [100%] Built target clustering
[16.840s] Invoked command in '/sim_ws/src/lidar_processing/build/lidar_processing' returned '0': CMAKE_PREFIX_PATH=${CMAKE_PREFIX_PATH}:/sim_ws/install/lidar_processing:/opt/ros/foxy:/sim_ws/install/py_wallfollow:/sim_ws/install/gt_follow_gap:/sim_ws/install/f1tenth_gym_ros:/sim_ws/install/drift_detector /usr/bin/cmake --build /sim_ws/src/lidar_processing/build/lidar_processing -- -j12 -l12
[16.910s] Invoking command in '/sim_ws/src/lidar_processing/build/lidar_processing': CMAKE_PREFIX_PATH=${CMAKE_PREFIX_PATH}:/sim_ws/install/lidar_processing:/opt/ros/foxy:/sim_ws/install/py_wallfollow:/sim_ws/install/gt_follow_gap:/sim_ws/install/f1tenth_gym_ros:/sim_ws/install/drift_detector /usr/bin/cmake --install /sim_ws/src/lidar_processing/build/lidar_processing
[16.923s] -- Install configuration: ""
[16.923s] -- Installing: /sim_ws/src/lidar_processing/install/lidar_processing/lib/lidar_processing/scan_to_cloud_node
[16.931s] -- Set runtime path of "/sim_ws/src/lidar_processing/install/lidar_processing/lib/lidar_processing/scan_to_cloud_node" to ""
[16.931s] -- Installing: /sim_ws/src/lidar_processing/install/lidar_processing/lib/lidar_processing/clustering
[16.932s] -- Installing: /sim_ws/src/lidar_processing/install/lidar_processing/share/ament_index/resource_index/package_run_dependencies/lidar_processing
[16.933s] -- Installing: /sim_ws/src/lidar_processing/install/lidar_processing/share/ament_index/resource_index/parent_prefix_path/lidar_processing
[16.933s] -- Installing: /sim_ws/src/lidar_processing/install/lidar_processing/share/lidar_processing/environment/ament_prefix_path.sh
[16.934s] -- Installing: /sim_ws/src/lidar_processing/install/lidar_processing/share/lidar_processing/environment/ament_prefix_path.dsv
[16.934s] -- Installing: /sim_ws/src/lidar_processing/install/lidar_processing/share/lidar_processing/environment/path.sh
[16.934s] -- Installing: /sim_ws/src/lidar_processing/install/lidar_processing/share/lidar_processing/environment/path.dsv
[16.935s] -- Installing: /sim_ws/src/lidar_processing/install/lidar_processing/share/lidar_processing/local_setup.bash
[16.936s] -- Installing: /sim_ws/src/lidar_processing/install/lidar_processing/share/lidar_processing/local_setup.sh
[16.936s] -- Installing: /sim_ws/src/lidar_processing/install/lidar_processing/share/lidar_processing/local_setup.zsh
[16.936s] -- Installing: /sim_ws/src/lidar_processing/install/lidar_processing/share/lidar_processing/local_setup.dsv
[16.937s] -- Installing: /sim_ws/src/lidar_processing/install/lidar_processing/share/lidar_processing/package.dsv
[16.937s] -- Installing: /sim_ws/src/lidar_processing/install/lidar_processing/share/ament_index/resource_index/packages/lidar_processing
[16.937s] -- Installing: /sim_ws/src/lidar_processing/install/lidar_processing/share/lidar_processing/cmake/lidar_processingConfig.cmake
[16.937s] -- Installing: /sim_ws/src/lidar_processing/install/lidar_processing/share/lidar_processing/cmake/lidar_processingConfig-version.cmake
[16.937s] -- Installing: /sim_ws/src/lidar_processing/install/lidar_processing/share/lidar_processing/package.xml
[16.940s] Invoked command in '/sim_ws/src/lidar_processing/build/lidar_processing' returned '0': CMAKE_PREFIX_PATH=${CMAKE_PREFIX_PATH}:/sim_ws/install/lidar_processing:/opt/ros/foxy:/sim_ws/install/py_wallfollow:/sim_ws/install/gt_follow_gap:/sim_ws/install/f1tenth_gym_ros:/sim_ws/install/drift_detector /usr/bin/cmake --install /sim_ws/src/lidar_processing/build/lidar_processing
