[0.019s] Invoking command in '/sim_ws/src/lidar_processing/build/lidar_processing': CMAKE_PREFIX_PATH=${CMAKE_PREFIX_PATH}:/sim_ws/install/py_wallfollow:/sim_ws/install/gt_follow_gap:/sim_ws/install/f1tenth_gym_ros:/sim_ws/install/drift_detector:/opt/ros/foxy /usr/bin/cmake --build /sim_ws/src/lidar_processing/build/lidar_processing -- -j12 -l12
[0.054s] -- Found ament_cmake: 0.9.12 (/opt/ros/foxy/share/ament_cmake/cmake)
[0.078s] -- Using PYTHON_EXECUTABLE: /usr/bin/python3
[0.263s] -- Found rclcpp: 2.4.3 (/opt/ros/foxy/share/rclcpp/cmake)
[0.293s] -- Using all available rosidl_typesupport_c: rosidl_typesupport_fastrtps_c;rosidl_typesupport_introspection_c
[0.295s] -- Found rosidl_adapter: 1.3.1 (/opt/ros/foxy/share/rosidl_adapter/cmake)
[0.406s] -- Using all available rosidl_typesupport_cpp: rosidl_typesupport_fastrtps_cpp;rosidl_typesupport_introspection_cpp
[0.442s] -- Found rmw_implementation_cmake: 1.0.4 (/opt/ros/foxy/share/rmw_implementation_cmake/cmake)
[0.443s] -- Using RMW implementation 'rmw_fastrtps_cpp' as default
[0.533s] -- Found rclpy: 1.0.13 (/opt/ros/foxy/share/rclpy/cmake)
[0.533s] -- Found laser_geometry: 2.2.0 (/opt/ros/foxy/share/laser_geometry/cmake)
[0.536s] -- Found sensor_msgs: 2.0.5 (/opt/ros/foxy/share/sensor_msgs/cmake)
[0.607s] -- Found tf2: 0.13.14 (/opt/ros/foxy/share/tf2/cmake)
[0.614s] -- Found tf2_ros: 0.13.14 (/opt/ros/foxy/share/tf2_ros/cmake)
[0.835s] -- Found tf2_sensor_msgs: 0.13.14 (/opt/ros/foxy/share/tf2_sensor_msgs/cmake)
[0.844s] -- Found pcl_ros: 2.2.1 (/opt/ros/foxy/share/pcl_ros/cmake)
[1.051s] -- Eigen found (include: /usr/include/eigen3, version: 3.3.7)
[1.113s] -- The imported target "vtkParseOGLExt" references the file
[1.113s]    "/usr/bin/vtkParseOGLExt-7.1"
[1.113s] but this file does not exist.  Possible reasons include:
[1.113s] * The file was deleted, renamed, or moved to another location.
[1.113s] * An install or uninstall procedure did not complete successfully.
[1.113s] * The installation package was faulty and contained
[1.113s]    "/usr/lib/cmake/vtk-7.1/VTKTargets.cmake"
[1.113s] but not all the files it references.
[1.113s] 
[1.114s] -- The imported target "vtkRenderingPythonTkWidgets" references the file
[1.114s]    "/usr/lib/x86_64-linux-gnu/libvtkRenderingPythonTkWidgets.so"
[1.114s] but this file does not exist.  Possible reasons include:
[1.114s] * The file was deleted, renamed, or moved to another location.
[1.114s] * An install or uninstall procedure did not complete successfully.
[1.114s] * The installation package was faulty and contained
[1.114s]    "/usr/lib/cmake/vtk-7.1/VTKTargets.cmake"
[1.114s] but not all the files it references.
[1.114s] 
[1.114s] -- The imported target "vtk" references the file
[1.114s]    "/usr/bin/vtk"
[1.114s] but this file does not exist.  Possible reasons include:
[1.114s] * The file was deleted, renamed, or moved to another location.
[1.115s] * An install or uninstall procedure did not complete successfully.
[1.115s] * The installation package was faulty and contained
[1.115s]    "/usr/lib/cmake/vtk-7.1/VTKTargets.cmake"
[1.115s] but not all the files it references.
[1.115s] 
[1.115s] -- The imported target "pvtk" references the file
[1.115s]    "/usr/bin/pvtk"
[1.115s] but this file does not exist.  Possible reasons include:
[1.115s] * The file was deleted, renamed, or moved to another location.
[1.115s] * An install or uninstall procedure did not complete successfully.
[1.115s] * The installation package was faulty and contained
[1.115s]    "/usr/lib/cmake/vtk-7.1/VTKTargets.cmake"
[1.115s] but not all the files it references.
[1.115s] 
[1.128s] -- Checking for module 'libusb-1.0'
[1.131s] --   No package 'libusb-1.0' found
[1.133s] -- Could NOT find USB_10 (missing: USB_10_LIBRARY USB_10_INCLUDE_DIR) 
[1.133s] -- OpenNI disabled because libusb-1.0 not found.
[1.138s] -- Checking for module 'libusb-1.0'
[1.141s] --   No package 'libusb-1.0' found
[1.143s] -- Could NOT find USB_10 (missing: USB_10_LIBRARY USB_10_INCLUDE_DIR) 
[1.143s] -- OpenNI 2 disabled because libusb-1.0 not found.
[1.152s] -- LIBUSB_1_LIBRARY (missing: LIBUSB_1_INCLUDE_DIR) 
[1.156s] -- Checking for module 'libusb-1.0'
[1.159s] --   No package 'libusb-1.0' found
[1.162s] -- Could NOT find USB_10 (missing: USB_10_LIBRARY USB_10_INCLUDE_DIR) 
[1.162s] -- OpenNI disabled because libusb-1.0 not found.
[1.167s] -- Checking for module 'libusb-1.0'
[1.171s] --   No package 'libusb-1.0' found
[1.173s] -- Could NOT find USB_10 (missing: USB_10_LIBRARY USB_10_INCLUDE_DIR) 
[1.173s] -- OpenNI 2 disabled because libusb-1.0 not found.
[1.186s] -- QHULL found (include: /usr/include, lib: optimized;/usr/lib/x86_64-linux-gnu/libqhull.so;debug;/usr/lib/x86_64-linux-gnu/libqhull.so)
[1.191s] -- Checking for module 'libusb-1.0'
[1.195s] --   No package 'libusb-1.0' found
[1.198s] -- Could NOT find USB_10 (missing: USB_10_LIBRARY USB_10_INCLUDE_DIR) 
[1.198s] -- OpenNI disabled because libusb-1.0 not found.
[1.401s] CMake Warning (dev) at CMakeLists.txt:35 (find_package):
[1.402s]   Policy CMP0074 is not set: find_package uses <PackageName>_ROOT variables.
[1.402s]   Run "cmake --help-policy CMP0074" for policy details.  Use the cmake_policy
[1.402s]   command to set the policy and suppress this warning.
[1.402s] 
[1.402s]   CMake variable PCL_ROOT is set to:
[1.402s] 
[1.402s]     /usr
[1.402s] 
[1.402s]   For compatibility, CMake is ignoring the variable.
[1.402s] This warning is for project developers.  Use -Wno-dev to suppress it.
[1.402s] 
[1.407s] CMake Error at CMakeLists.txt:40 (ament_python_install_packages):
[1.407s]   Unknown CMake command "ament_python_install_packages".
[1.407s] 
[1.407s] 
[1.408s] -- Configuring incomplete, errors occurred!
[1.408s] See also "/sim_ws/src/lidar_processing/build/lidar_processing/CMakeFiles/CMakeOutput.log".
[1.408s] See also "/sim_ws/src/lidar_processing/build/lidar_processing/CMakeFiles/CMakeError.log".
[1.417s] make: *** [Makefile:310: cmake_check_build_system] Error 1
[1.420s] Invoked command in '/sim_ws/src/lidar_processing/build/lidar_processing' returned '2': CMAKE_PREFIX_PATH=${CMAKE_PREFIX_PATH}:/sim_ws/install/py_wallfollow:/sim_ws/install/gt_follow_gap:/sim_ws/install/f1tenth_gym_ros:/sim_ws/install/drift_detector:/opt/ros/foxy /usr/bin/cmake --build /sim_ws/src/lidar_processing/build/lidar_processing -- -j12 -l12
