[0.039s] Invoking command in '/sim_ws/src/lidar_processing/build/lidar_processing': /usr/bin/cmake /sim_ws/src/lidar_processing -DCMAKE_INSTALL_PREFIX=/sim_ws/src/lidar_processing/install/lidar_processing
[0.236s] -- The C compiler identification is GNU 9.4.0
[0.344s] -- The CXX compiler identification is GNU 9.4.0
[0.356s] -- Check for working C compiler: /usr/bin/cc
[0.443s] -- Check for working C compiler: /usr/bin/cc -- works
[0.446s] -- Detecting C compiler ABI info
[0.536s] -- Detecting C compiler ABI info - done
[0.552s] -- Detecting C compile features
[0.553s] -- Detecting C compile features - done
[0.556s] -- Check for working CXX compiler: /usr/bin/c++
[0.622s] -- Check for working CXX compiler: /usr/bin/c++ -- works
[0.623s] -- Detecting CXX compiler ABI info
[0.685s] -- Detecting CXX compiler ABI info - done
[0.692s] -- Detecting CXX compile features
[0.692s] -- Detecting CXX compile features - done
[0.709s] CMake Error at CMakeLists.txt:21 (find_package):
[0.710s]   By not providing "Findament_cmake.cmake" in CMAKE_MODULE_PATH this project
[0.710s]   has asked CMake to find a package configuration file provided by
[0.710s]   "ament_cmake", but CMake did not find one.
[0.710s] 
[0.710s]   Could not find a package configuration file provided by "ament_cmake" with
[0.710s]   any of the following names:
[0.710s] 
[0.710s]     ament_cmakeConfig.cmake
[0.710s]     ament_cmake-config.cmake
[0.710s] 
[0.710s]   Add the installation prefix of "ament_cmake" to CMAKE_PREFIX_PATH or set
[0.711s]   "ament_cmake_DIR" to a directory containing one of the above files.  If
[0.711s]   "ament_cmake" provides a separate development package or SDK, be sure it
[0.711s]   has been installed.
[0.711s] 
[0.711s] 
[0.711s] -- Configuring incomplete, errors occurred!
[0.711s] See also "/sim_ws/src/lidar_processing/build/lidar_processing/CMakeFiles/CMakeOutput.log".
[0.715s] Invoked command in '/sim_ws/src/lidar_processing/build/lidar_processing' returned '1': /usr/bin/cmake /sim_ws/src/lidar_processing -DCMAKE_INSTALL_PREFIX=/sim_ws/src/lidar_processing/install/lidar_processing
